{"C:\\code\\vacayv2\\vacaytracker-frontend\\src\\lib\\api\\admin.ts": {"path":"C:\\code\\vacayv2\\vacaytracker-frontend\\src\\lib\\api\\admin.ts","statementMap":{"0":{"start":{"line":16,"column":24},"end":{"line":123,"column":null}},"1":{"start":{"line":24,"column":23},"end":{"line":24,"column":null}},"2":{"start":{"line":25,"column":2},"end":{"line":25,"column":null}},"3":{"start":{"line":25,"column":20},"end":{"line":25,"column":null}},"4":{"start":{"line":26,"column":2},"end":{"line":26,"column":null}},"5":{"start":{"line":26,"column":21},"end":{"line":26,"column":null}},"6":{"start":{"line":27,"column":2},"end":{"line":27,"column":null}},"7":{"start":{"line":27,"column":20},"end":{"line":27,"column":null}},"8":{"start":{"line":28,"column":2},"end":{"line":28,"column":null}},"9":{"start":{"line":28,"column":22},"end":{"line":28,"column":null}},"10":{"start":{"line":30,"column":16},"end":{"line":30,"column":null}},"11":{"start":{"line":31,"column":2},"end":{"line":31,"column":null}},"12":{"start":{"line":35,"column":2},"end":{"line":38,"column":null}},"13":{"start":{"line":42,"column":2},"end":{"line":42,"column":null}},"14":{"start":{"line":46,"column":2},"end":{"line":49,"column":null}},"15":{"start":{"line":53,"column":2},"end":{"line":53,"column":null}},"16":{"start":{"line":57,"column":2},"end":{"line":60,"column":null}},"17":{"start":{"line":69,"column":2},"end":{"line":69,"column":null}},"18":{"start":{"line":74,"column":2},"end":{"line":74,"column":null}},"19":{"start":{"line":82,"column":2},"end":{"line":85,"column":null}},"20":{"start":{"line":90,"column":2},"end":{"line":90,"column":null}},"21":{"start":{"line":94,"column":2},"end":{"line":97,"column":null}},"22":{"start":{"line":102,"column":2},"end":{"line":102,"column":null}},"23":{"start":{"line":106,"column":2},"end":{"line":106,"column":null}},"24":{"start":{"line":111,"column":2},"end":{"line":114,"column":null}},"25":{"start":{"line":118,"column":2},"end":{"line":121,"column":null}}},"fnMap":{"0":{"name":"(anonymous_0)","decl":{"start":{"line":18,"column":12},"end":{"line":18,"column":13}},"loc":{"start":{"line":23,"column":34},"end":{"line":32,"column":null}},"line":23},"1":{"name":"(anonymous_1)","decl":{"start":{"line":34,"column":13},"end":{"line":34,"column":14}},"loc":{"start":{"line":34,"column":54},"end":{"line":39,"column":null}},"line":34},"2":{"name":"(anonymous_2)","decl":{"start":{"line":41,"column":10},"end":{"line":41,"column":11}},"loc":{"start":{"line":41,"column":41},"end":{"line":43,"column":null}},"line":41},"3":{"name":"(anonymous_3)","decl":{"start":{"line":45,"column":13},"end":{"line":45,"column":14}},"loc":{"start":{"line":45,"column":66},"end":{"line":50,"column":null}},"line":45},"4":{"name":"(anonymous_4)","decl":{"start":{"line":52,"column":13},"end":{"line":52,"column":14}},"loc":{"start":{"line":52,"column":44},"end":{"line":54,"column":null}},"line":52},"5":{"name":"(anonymous_5)","decl":{"start":{"line":56,"column":16},"end":{"line":56,"column":17}},"loc":{"start":{"line":56,"column":64},"end":{"line":61,"column":null}},"line":56},"6":{"name":"(anonymous_6)","decl":{"start":{"line":63,"column":19},"end":{"line":63,"column":null}},"loc":{"start":{"line":68,"column":7},"end":{"line":70,"column":null}},"line":68},"7":{"name":"(anonymous_7)","decl":{"start":{"line":73,"column":18},"end":{"line":73,"column":81}},"loc":{"start":{"line":73,"column":81},"end":{"line":75,"column":null}},"line":73},"8":{"name":"(anonymous_8)","decl":{"start":{"line":77,"column":16},"end":{"line":77,"column":null}},"loc":{"start":{"line":81,"column":32},"end":{"line":86,"column":null}},"line":81},"9":{"name":"(anonymous_9)","decl":{"start":{"line":89,"column":14},"end":{"line":89,"column":39}},"loc":{"start":{"line":89,"column":39},"end":{"line":91,"column":null}},"line":89},"10":{"name":"(anonymous_10)","decl":{"start":{"line":93,"column":17},"end":{"line":93,"column":18}},"loc":{"start":{"line":93,"column":65},"end":{"line":98,"column":null}},"line":93},"11":{"name":"(anonymous_11)","decl":{"start":{"line":101,"column":17},"end":{"line":101,"column":56}},"loc":{"start":{"line":101,"column":56},"end":{"line":103,"column":null}},"line":101},"12":{"name":"(anonymous_12)","decl":{"start":{"line":105,"column":23},"end":{"line":105,"column":57}},"loc":{"start":{"line":105,"column":57},"end":{"line":107,"column":null}},"line":105},"13":{"name":"(anonymous_13)","decl":{"start":{"line":110,"column":16},"end":{"line":110,"column":17}},"loc":{"start":{"line":110,"column":77},"end":{"line":115,"column":null}},"line":110},"14":{"name":"(anonymous_14)","decl":{"start":{"line":117,"column":15},"end":{"line":117,"column":16}},"loc":{"start":{"line":117,"column":79},"end":{"line":122,"column":null}},"line":117}},"branchMap":{"0":{"loc":{"start":{"line":25,"column":2},"end":{"line":25,"column":null}},"type":"if","locations":[{"start":{"line":25,"column":2},"end":{"line":25,"column":null}},{"start":{},"end":{}}],"line":25},"1":{"loc":{"start":{"line":26,"column":2},"end":{"line":26,"column":null}},"type":"if","locations":[{"start":{"line":26,"column":2},"end":{"line":26,"column":null}},{"start":{},"end":{}}],"line":26},"2":{"loc":{"start":{"line":27,"column":2},"end":{"line":27,"column":null}},"type":"if","locations":[{"start":{"line":27,"column":2},"end":{"line":27,"column":null}},{"start":{},"end":{}}],"line":27},"3":{"loc":{"start":{"line":28,"column":2},"end":{"line":28,"column":null}},"type":"if","locations":[{"start":{"line":28,"column":2},"end":{"line":28,"column":null}},{"start":{},"end":{}}],"line":28},"4":{"loc":{"start":{"line":31,"column":32},"end":{"line":31,"column":56}},"type":"cond-expr","locations":[{"start":{"line":31,"column":40},"end":{"line":31,"column":54}},{"start":{"line":31,"column":54},"end":{"line":31,"column":56}}],"line":31}},"s":{"0":1,"1":2,"2":2,"3":1,"4":2,"5":1,"6":2,"7":1,"8":2,"9":1,"10":2,"11":2,"12":1,"13":1,"14":1,"15":1,"16":1,"17":1,"18":1,"19":2,"20":1,"21":1,"22":1,"23":1,"24":1,"25":1},"f":{"0":2,"1":1,"2":1,"3":1,"4":1,"5":1,"6":1,"7":1,"8":2,"9":1,"10":1,"11":1,"12":1,"13":1,"14":1},"b":{"0":[1,1],"1":[1,1],"2":[1,1],"3":[1,1],"4":[1,1]},"meta":{"lastBranch":5,"lastFunction":15,"lastStatement":26,"seen":{"s:16:24:123:Infinity":0,"f:18:12:18:13":0,"s:24:23:24:Infinity":1,"b:25:2:25:Infinity:undefined:undefined:undefined:undefined":0,"s:25:2:25:Infinity":2,"s:25:20:25:Infinity":3,"b:26:2:26:Infinity:undefined:undefined:undefined:undefined":1,"s:26:2:26:Infinity":4,"s:26:21:26:Infinity":5,"b:27:2:27:Infinity:undefined:undefined:undefined:undefined":2,"s:27:2:27:Infinity":6,"s:27:20:27:Infinity":7,"b:28:2:28:Infinity:undefined:undefined:undefined:undefined":3,"s:28:2:28:Infinity":8,"s:28:22:28:Infinity":9,"s:30:16:30:Infinity":10,"s:31:2:31:Infinity":11,"b:31:40:31:54:31:54:31:56":4,"f:34:13:34:14":1,"s:35:2:38:Infinity":12,"f:41:10:41:11":2,"s:42:2:42:Infinity":13,"f:45:13:45:14":3,"s:46:2:49:Infinity":14,"f:52:13:52:14":4,"s:53:2:53:Infinity":15,"f:56:16:56:17":5,"s:57:2:60:Infinity":16,"f:63:19:63:Infinity":6,"s:69:2:69:Infinity":17,"f:73:18:73:81":7,"s:74:2:74:Infinity":18,"f:77:16:77:Infinity":8,"s:82:2:85:Infinity":19,"f:89:14:89:39":9,"s:90:2:90:Infinity":20,"f:93:17:93:18":10,"s:94:2:97:Infinity":21,"f:101:17:101:56":11,"s:102:2:102:Infinity":22,"f:105:23:105:57":12,"s:106:2:106:Infinity":23,"f:110:16:110:17":13,"s:111:2:114:Infinity":24,"f:117:15:117:16":14,"s:118:2:121:Infinity":25}}}
,"C:\\code\\vacayv2\\vacaytracker-frontend\\src\\lib\\api\\auth.ts": {"path":"C:\\code\\vacayv2\\vacaytracker-frontend\\src\\lib\\api\\auth.ts","statementMap":{"0":{"start":{"line":4,"column":23},"end":{"line":37,"column":null}},"1":{"start":{"line":6,"column":19},"end":{"line":9,"column":null}},"2":{"start":{"line":10,"column":2},"end":{"line":10,"column":null}},"3":{"start":{"line":11,"column":2},"end":{"line":11,"column":null}},"4":{"start":{"line":15,"column":2},"end":{"line":15,"column":null}},"5":{"start":{"line":19,"column":2},"end":{"line":19,"column":null}},"6":{"start":{"line":23,"column":2},"end":{"line":26,"column":null}},"7":{"start":{"line":32,"column":2},"end":{"line":35,"column":null}}},"fnMap":{"0":{"name":"(anonymous_0)","decl":{"start":{"line":5,"column":8},"end":{"line":5,"column":15}},"loc":{"start":{"line":5,"column":75},"end":{"line":12,"column":null}},"line":5},"1":{"name":"(anonymous_1)","decl":{"start":{"line":14,"column":9},"end":{"line":14,"column":21}},"loc":{"start":{"line":14,"column":21},"end":{"line":16,"column":null}},"line":14},"2":{"name":"(anonymous_2)","decl":{"start":{"line":18,"column":5},"end":{"line":18,"column":26}},"loc":{"start":{"line":18,"column":26},"end":{"line":20,"column":null}},"line":18},"3":{"name":"(anonymous_3)","decl":{"start":{"line":22,"column":17},"end":{"line":22,"column":18}},"loc":{"start":{"line":22,"column":82},"end":{"line":27,"column":null}},"line":22},"4":{"name":"(anonymous_4)","decl":{"start":{"line":29,"column":25},"end":{"line":29,"column":null}},"loc":{"start":{"line":31,"column":55},"end":{"line":36,"column":null}},"line":31}},"branchMap":{},"s":{"0":1,"1":1,"2":1,"3":1,"4":1,"5":1,"6":1,"7":1},"f":{"0":1,"1":1,"2":1,"3":1,"4":1},"b":{},"meta":{"lastBranch":0,"lastFunction":5,"lastStatement":8,"seen":{"s:4:23:37:Infinity":0,"f:5:8:5:15":0,"s:6:19:9:Infinity":1,"s:10:2:10:Infinity":2,"s:11:2:11:Infinity":3,"f:14:9:14:21":1,"s:15:2:15:Infinity":4,"f:18:5:18:26":2,"s:19:2:19:Infinity":5,"f:22:17:22:18":3,"s:23:2:26:Infinity":6,"f:29:25:29:Infinity":4,"s:32:2:35:Infinity":7}}}
,"C:\\code\\vacayv2\\vacaytracker-frontend\\src\\lib\\api\\calendar.ts": {"path":"C:\\code\\vacayv2\\vacaytracker-frontend\\src\\lib\\api\\calendar.ts","statementMap":{"0":{"start":{"line":9,"column":27},"end":{"line":31,"column":null}},"1":{"start":{"line":12,"column":2},"end":{"line":12,"column":null}},"2":{"start":{"line":17,"column":20},"end":{"line":19,"column":null}},"3":{"start":{"line":18,"column":21},"end":{"line":18,"column":54}},"4":{"start":{"line":22,"column":22},"end":{"line":22,"column":null}},"5":{"start":{"line":23,"column":2},"end":{"line":27,"column":null}},"6":{"start":{"line":24,"column":3},"end":{"line":26,"column":null}},"7":{"start":{"line":25,"column":4},"end":{"line":25,"column":null}},"8":{"start":{"line":29,"column":2},"end":{"line":29,"column":null}}},"fnMap":{"0":{"name":"(anonymous_0)","decl":{"start":{"line":11,"column":11},"end":{"line":11,"column":12}},"loc":{"start":{"line":11,"column":75},"end":{"line":13,"column":null}},"line":11},"1":{"name":"(anonymous_1)","decl":{"start":{"line":16,"column":12},"end":{"line":16,"column":19}},"loc":{"start":{"line":16,"column":67},"end":{"line":30,"column":null}},"line":16},"2":{"name":"(anonymous_2)","decl":{"start":{"line":18,"column":14},"end":{"line":18,"column":15}},"loc":{"start":{"line":18,"column":21},"end":{"line":18,"column":54}},"line":18}},"branchMap":{},"s":{"0":1,"1":1,"2":4,"3":5,"4":4,"5":4,"6":5,"7":6,"8":4},"f":{"0":1,"1":4,"2":5},"b":{},"meta":{"lastBranch":0,"lastFunction":3,"lastStatement":9,"seen":{"s:9:27:31:Infinity":0,"f:11:11:11:12":0,"s:12:2:12:Infinity":1,"f:16:12:16:19":1,"s:17:20:19:Infinity":2,"f:18:14:18:15":2,"s:18:21:18:54":3,"s:22:22:22:Infinity":4,"s:23:2:27:Infinity":5,"s:24:3:26:Infinity":6,"s:25:4:25:Infinity":7,"s:29:2:29:Infinity":8}}}
,"C:\\code\\vacayv2\\vacaytracker-frontend\\src\\lib\\api\\client.ts": {"path":"C:\\code\\vacayv2\\vacaytracker-frontend\\src\\lib\\api\\client.ts","statementMap":{"0":{"start":{"line":3,"column":17},"end":{"line":3,"column":null}},"1":{"start":{"line":12,"column":2},"end":{"line":12,"column":null}},"2":{"start":{"line":7,"column":9},"end":{"line":7,"column":null}},"3":{"start":{"line":9,"column":9},"end":{"line":9,"column":null}},"4":{"start":{"line":10,"column":9},"end":{"line":10,"column":null}},"5":{"start":{"line":13,"column":2},"end":{"line":13,"column":null}},"6":{"start":{"line":18,"column":1},"end":{"line":18,"column":null}},"7":{"start":{"line":18,"column":36},"end":{"line":18,"column":null}},"8":{"start":{"line":19,"column":1},"end":{"line":19,"column":null}},"9":{"start":{"line":23,"column":1},"end":{"line":23,"column":null}},"10":{"start":{"line":27,"column":1},"end":{"line":27,"column":null}},"11":{"start":{"line":31,"column":15},"end":{"line":31,"column":null}},"12":{"start":{"line":33,"column":30},"end":{"line":36,"column":null}},"13":{"start":{"line":38,"column":1},"end":{"line":40,"column":null}},"14":{"start":{"line":39,"column":3},"end":{"line":39,"column":null}},"15":{"start":{"line":42,"column":18},"end":{"line":45,"column":null}},"16":{"start":{"line":47,"column":1},"end":{"line":58,"column":null}},"17":{"start":{"line":49,"column":2},"end":{"line":56,"column":null}},"18":{"start":{"line":50,"column":3},"end":{"line":50,"column":null}},"19":{"start":{"line":52,"column":3},"end":{"line":55,"column":null}},"20":{"start":{"line":57,"column":2},"end":{"line":57,"column":null}},"21":{"start":{"line":61,"column":1},"end":{"line":63,"column":null}},"22":{"start":{"line":62,"column":2},"end":{"line":62,"column":null}},"23":{"start":{"line":65,"column":1},"end":{"line":65,"column":null}}},"fnMap":{"0":{"name":"(anonymous_0)","decl":{"start":{"line":6,"column":1},"end":{"line":6,"column":null}},"loc":{"start":{"line":11,"column":3},"end":{"line":14,"column":null}},"line":11},"1":{"name":"getAuthToken","decl":{"start":{"line":17,"column":9},"end":{"line":17,"column":39}},"loc":{"start":{"line":17,"column":39},"end":{"line":20,"column":null}},"line":17},"2":{"name":"setAuthToken","decl":{"start":{"line":22,"column":16},"end":{"line":22,"column":29}},"loc":{"start":{"line":22,"column":50},"end":{"line":24,"column":null}},"line":22},"3":{"name":"clearAuthToken","decl":{"start":{"line":26,"column":16},"end":{"line":26,"column":39}},"loc":{"start":{"line":26,"column":39},"end":{"line":28,"column":null}},"line":26},"4":{"name":"request","decl":{"start":{"line":30,"column":22},"end":{"line":30,"column":33}},"loc":{"start":{"line":30,"column":90},"end":{"line":66,"column":null}},"line":30}},"branchMap":{"0":{"loc":{"start":{"line":18,"column":1},"end":{"line":18,"column":null}},"type":"if","locations":[{"start":{"line":18,"column":1},"end":{"line":18,"column":null}},{"start":{},"end":{}}],"line":18},"1":{"loc":{"start":{"line":30,"column":51},"end":{"line":30,"column":90}},"type":"default-arg","locations":[{"start":{"line":30,"column":74},"end":{"line":30,"column":90}}],"line":30},"2":{"loc":{"start":{"line":38,"column":1},"end":{"line":40,"column":null}},"type":"if","locations":[{"start":{"line":38,"column":1},"end":{"line":40,"column":null}},{"start":{},"end":{}}],"line":38},"3":{"loc":{"start":{"line":47,"column":1},"end":{"line":58,"column":null}},"type":"if","locations":[{"start":{"line":47,"column":1},"end":{"line":58,"column":null}},{"start":{},"end":{}}],"line":47},"4":{"loc":{"start":{"line":61,"column":1},"end":{"line":63,"column":null}},"type":"if","locations":[{"start":{"line":61,"column":1},"end":{"line":63,"column":null}},{"start":{},"end":{}}],"line":61}},"s":{"0":1,"1":3,"2":3,"3":3,"4":3,"5":3,"6":9,"7":0,"8":9,"9":1,"10":1,"11":9,"12":9,"13":9,"14":1,"15":9,"16":8,"17":3,"18":3,"19":1,"20":3,"21":5,"22":1,"23":4},"f":{"0":3,"1":9,"2":1,"3":1,"4":9},"b":{"0":[0,9],"1":[9],"2":[1,8],"3":[3,5],"4":[1,4]},"meta":{"lastBranch":5,"lastFunction":5,"lastStatement":24,"seen":{"s:3:17:3:Infinity":0,"f:6:1:6:Infinity":0,"s:12:2:12:Infinity":1,"s:7:9:7:Infinity":2,"s:9:9:9:Infinity":3,"s:10:9:10:Infinity":4,"s:13:2:13:Infinity":5,"f:17:9:17:39":1,"b:18:1:18:Infinity:undefined:undefined:undefined:undefined":0,"s:18:1:18:Infinity":6,"s:18:36:18:Infinity":7,"s:19:1:19:Infinity":8,"f:22:16:22:29":2,"s:23:1:23:Infinity":9,"f:26:16:26:39":3,"s:27:1:27:Infinity":10,"f:30:22:30:33":4,"b:30:74:30:90":1,"s:31:15:31:Infinity":11,"s:33:30:36:Infinity":12,"b:38:1:40:Infinity:undefined:undefined:undefined:undefined":2,"s:38:1:40:Infinity":13,"s:39:3:39:Infinity":14,"s:42:18:45:Infinity":15,"b:47:1:58:Infinity:undefined:undefined:undefined:undefined":3,"s:47:1:58:Infinity":16,"s:49:2:56:Infinity":17,"s:50:3:50:Infinity":18,"s:52:3:55:Infinity":19,"s:57:2:57:Infinity":20,"b:61:1:63:Infinity:undefined:undefined:undefined:undefined":4,"s:61:1:63:Infinity":21,"s:62:2:62:Infinity":22,"s:65:1:65:Infinity":23}}}
,"C:\\code\\vacayv2\\vacaytracker-frontend\\src\\lib\\api\\settings.ts": {"path":"C:\\code\\vacayv2\\vacaytracker-frontend\\src\\lib\\api\\settings.ts","statementMap":{"0":{"start":{"line":8,"column":27},"end":{"line":16,"column":null}},"1":{"start":{"line":14,"column":2},"end":{"line":14,"column":null}}},"fnMap":{"0":{"name":"(anonymous_0)","decl":{"start":{"line":13,"column":12},"end":{"line":13,"column":43}},"loc":{"start":{"line":13,"column":43},"end":{"line":15,"column":null}},"line":13}},"branchMap":{},"s":{"0":1,"1":1},"f":{"0":1},"b":{},"meta":{"lastBranch":0,"lastFunction":1,"lastStatement":2,"seen":{"s:8:27:16:Infinity":0,"f:13:12:13:43":0,"s:14:2:14:Infinity":1}}}
,"C:\\code\\vacayv2\\vacaytracker-frontend\\src\\lib\\api\\vacation.ts": {"path":"C:\\code\\vacayv2\\vacaytracker-frontend\\src\\lib\\api\\vacation.ts","statementMap":{"0":{"start":{"line":9,"column":27},"end":{"line":37,"column":null}},"1":{"start":{"line":11,"column":2},"end":{"line":14,"column":null}},"2":{"start":{"line":18,"column":23},"end":{"line":18,"column":null}},"3":{"start":{"line":19,"column":2},"end":{"line":19,"column":null}},"4":{"start":{"line":19,"column":22},"end":{"line":19,"column":null}},"5":{"start":{"line":20,"column":2},"end":{"line":20,"column":null}},"6":{"start":{"line":20,"column":20},"end":{"line":20,"column":null}},"7":{"start":{"line":22,"column":16},"end":{"line":22,"column":null}},"8":{"start":{"line":23,"column":2},"end":{"line":23,"column":null}},"9":{"start":{"line":27,"column":2},"end":{"line":27,"column":null}},"10":{"start":{"line":31,"column":2},"end":{"line":31,"column":null}},"11":{"start":{"line":35,"column":2},"end":{"line":35,"column":null}}},"fnMap":{"0":{"name":"(anonymous_0)","decl":{"start":{"line":10,"column":9},"end":{"line":10,"column":10}},"loc":{"start":{"line":10,"column":65},"end":{"line":15,"column":null}},"line":10},"1":{"name":"(anonymous_1)","decl":{"start":{"line":17,"column":7},"end":{"line":17,"column":8}},"loc":{"start":{"line":17,"column":87},"end":{"line":24,"column":null}},"line":17},"2":{"name":"(anonymous_2)","decl":{"start":{"line":26,"column":6},"end":{"line":26,"column":7}},"loc":{"start":{"line":26,"column":48},"end":{"line":28,"column":null}},"line":26},"3":{"name":"(anonymous_3)","decl":{"start":{"line":30,"column":9},"end":{"line":30,"column":10}},"loc":{"start":{"line":30,"column":40},"end":{"line":32,"column":null}},"line":30},"4":{"name":"(anonymous_4)","decl":{"start":{"line":34,"column":7},"end":{"line":34,"column":8}},"loc":{"start":{"line":34,"column":71},"end":{"line":36,"column":null}},"line":34}},"branchMap":{"0":{"loc":{"start":{"line":19,"column":2},"end":{"line":19,"column":null}},"type":"if","locations":[{"start":{"line":19,"column":2},"end":{"line":19,"column":null}},{"start":{},"end":{}}],"line":19},"1":{"loc":{"start":{"line":20,"column":2},"end":{"line":20,"column":null}},"type":"if","locations":[{"start":{"line":20,"column":2},"end":{"line":20,"column":null}},{"start":{},"end":{}}],"line":20},"2":{"loc":{"start":{"line":23,"column":38},"end":{"line":23,"column":62}},"type":"cond-expr","locations":[{"start":{"line":23,"column":46},"end":{"line":23,"column":60}},{"start":{"line":23,"column":60},"end":{"line":23,"column":62}}],"line":23}},"s":{"0":1,"1":1,"2":4,"3":4,"4":2,"5":4,"6":2,"7":4,"8":4,"9":1,"10":1,"11":1},"f":{"0":1,"1":4,"2":1,"3":1,"4":1},"b":{"0":[2,2],"1":[2,2],"2":[3,1]},"meta":{"lastBranch":3,"lastFunction":5,"lastStatement":12,"seen":{"s:9:27:37:Infinity":0,"f:10:9:10:10":0,"s:11:2:14:Infinity":1,"f:17:7:17:8":1,"s:18:23:18:Infinity":2,"b:19:2:19:Infinity:undefined:undefined:undefined:undefined":0,"s:19:2:19:Infinity":3,"s:19:22:19:Infinity":4,"b:20:2:20:Infinity:undefined:undefined:undefined:undefined":1,"s:20:2:20:Infinity":5,"s:20:20:20:Infinity":6,"s:22:16:22:Infinity":7,"s:23:2:23:Infinity":8,"b:23:46:23:60:23:60:23:62":2,"f:26:6:26:7":2,"s:27:2:27:Infinity":9,"f:30:9:30:10":3,"s:31:2:31:Infinity":10,"f:34:7:34:8":4,"s:35:2:35:Infinity":11}}}
,"C:\\code\\vacayv2\\vacaytracker-frontend\\src\\lib\\components\\ui\\Badge.svelte": {"path":"C:\\code\\vacayv2\\vacaytracker-frontend\\src\\lib\\components\\ui\\Badge.svelte","statementMap":{"0":{"start":{"line":19,"column":14},"end":{"line":19,"column":28}},"1":{"start":{"line":19,"column":32},"end":{"line":19,"column":48}},"2":{"start":{"line":19,"column":57},"end":{"line":19,"column":null}},"3":{"start":{"line":22,"column":20},"end":{"line":29,"column":null}},"4":{"start":{"line":32,"column":17},"end":{"line":34,"column":null}},"5":{"start":{"line":37,"column":14},"end":{"line":42,"column":null}},"6":{"start":{"line":47,"column":5},"end":{"line":47,"column":13}},"7":{"start":{"line":47,"column":1},"end":{"line":47,"column":13}},"8":{"start":{"line":47,"column":1},"end":{"line":47,"column":null}}},"fnMap":{"0":{"name":"Badge","decl":{"start":{"line":1,"column":0},"end":{"line":1,"column":null}},"loc":{"start":{"line":1,"column":0},"end":{"line":47,"column":13}},"line":1},"1":{"name":"(anonymous_1)","decl":{"start":{"line":37,"column":14},"end":{"line":37,"column":null}},"loc":{"start":{"line":37,"column":14},"end":{"line":42,"column":null}},"line":37},"2":{"name":"(anonymous_2)","decl":{"start":{"line":47,"column":1},"end":{"line":47,"column":5}},"loc":{"start":{"line":47,"column":1},"end":{"line":47,"column":null}},"line":47}},"branchMap":{},"s":{"0":5,"1":5,"2":5,"3":5,"4":5,"5":5,"6":5,"7":5,"8":5},"f":{"0":5,"1":5,"2":5},"b":{},"meta":{"lastBranch":0,"lastFunction":3,"lastStatement":9,"seen":{"f:1:0:1:Infinity":0,"s:19:14:19:28":0,"s:19:32:19:48":1,"s:19:57:19:Infinity":2,"s:22:20:29:Infinity":3,"s:32:17:34:Infinity":4,"s:37:14:42:Infinity":5,"f:37:14:37:Infinity":1,"s:47:5:47:13":6,"s:47:1:47:13":7,"s:47:1:47:Infinity":8,"f:47:1:47:5":2}}}
,"C:\\code\\vacayv2\\vacaytracker-frontend\\src\\lib\\components\\ui\\Button.svelte": {"path":"C:\\code\\vacayv2\\vacaytracker-frontend\\src\\lib\\components\\ui\\Button.svelte","statementMap":{"0":{"start":{"line":19,"column":9},"end":{"line":19,"column":null}},"1":{"start":{"line":20,"column":6},"end":{"line":20,"column":null}},"2":{"start":{"line":21,"column":10},"end":{"line":21,"column":null}},"3":{"start":{"line":22,"column":9},"end":{"line":22,"column":null}},"4":{"start":{"line":23,"column":6},"end":{"line":23,"column":null}},"5":{"start":{"line":25,"column":18},"end":{"line":25,"column":null}},"6":{"start":{"line":27,"column":5},"end":{"line":27,"column":null}},"7":{"start":{"line":31,"column":2},"end":{"line":31,"column":255}},"8":{"start":{"line":33,"column":20},"end":{"line":40,"column":null}},"9":{"start":{"line":43,"column":17},"end":{"line":46,"column":null}},"10":{"start":{"line":49,"column":14},"end":{"line":49,"column":null}},"11":{"start":{"line":52,"column":1},"end":{"line":52,"column":null}},"12":{"start":{"line":52,"column":1},"end":{"line":57,"column":null}},"13":{"start":{"line":61,"column":6},"end":{"line":61,"column":null}},"14":{"start":{"line":61,"column":3},"end":{"line":61,"column":null}},"15":{"start":{"line":60,"column":6},"end":{"line":60,"column":null}},"16":{"start":{"line":60,"column":13},"end":{"line":60,"column":null}}},"fnMap":{"0":{"name":"Button","decl":{"start":{"line":1,"column":0},"end":{"line":1,"column":null}},"loc":{"start":{"line":1,"column":0},"end":{"line":52,"column":null}},"line":1},"1":{"name":"(anonymous_1)","decl":{"start":{"line":49,"column":14},"end":{"line":49,"column":26}},"loc":{"start":{"line":49,"column":14},"end":{"line":49,"column":null}},"line":49},"2":{"name":"(anonymous_2)","decl":{"start":{"line":52,"column":1},"end":{"line":52,"column":null}},"loc":{"start":{"line":52,"column":1},"end":{"line":57,"column":null}},"line":52}},"branchMap":{"0":{"loc":{"start":{"line":56,"column":11},"end":{"line":56,"column":null}},"type":"binary-expr","locations":[{"start":{"line":56,"column":11},"end":{"line":56,"column":23}},{"start":{"line":56,"column":23},"end":{"line":56,"column":null}}],"line":56},"1":{"loc":{"start":{"line":57,"column":12},"end":{"line":57,"column":32}},"type":"binary-expr","locations":[{"start":{"line":57,"column":12},"end":{"line":57,"column":23}},{"start":{"line":57,"column":23},"end":{"line":57,"column":32}}],"line":57},"2":{"loc":{"start":{"line":60,"column":6},"end":{"line":60,"column":null}},"type":"if","locations":[{"start":{"line":60,"column":6},"end":{"line":60,"column":null}},{"start":{},"end":{}}],"line":60}},"s":{"0":8,"1":8,"2":8,"3":8,"4":8,"5":8,"6":8,"7":8,"8":8,"9":8,"10":8,"11":8,"12":8,"13":1,"14":1,"15":8,"16":1},"f":{"0":8,"1":8,"2":8},"b":{"0":[8,6],"1":[8,7],"2":[1,7]},"meta":{"lastBranch":3,"lastFunction":3,"lastStatement":17,"seen":{"f:1:0:1:Infinity":0,"s:19:9:19:Infinity":0,"s:20:6:20:Infinity":1,"s:21:10:21:Infinity":2,"s:22:9:22:Infinity":3,"s:23:6:23:Infinity":4,"s:25:18:25:Infinity":5,"s:27:5:27:Infinity":6,"s:31:2:31:255":7,"s:33:20:40:Infinity":8,"s:43:17:46:Infinity":9,"s:49:14:49:Infinity":10,"f:49:14:49:26":1,"s:52:1:52:Infinity":11,"s:52:1:57:Infinity":12,"f:52:1:52:Infinity":2,"b:56:11:56:23:56:23:56:Infinity":0,"b:57:12:57:23:57:23:57:32":1,"s:61:6:61:Infinity":13,"s:61:3:61:Infinity":14,"b:60:6:60:Infinity:undefined:undefined:undefined:undefined":2,"s:60:6:60:Infinity":15,"s:60:13:60:Infinity":16}}}
,"C:\\code\\vacayv2\\vacaytracker-frontend\\src\\lib\\components\\ui\\Card.svelte": {"path":"C:\\code\\vacayv2\\vacaytracker-frontend\\src\\lib\\components\\ui\\Card.svelte","statementMap":{"0":{"start":{"line":13,"column":14},"end":{"line":13,"column":30}},"1":{"start":{"line":13,"column":39},"end":{"line":13,"column":null}},"2":{"start":{"line":15,"column":20},"end":{"line":19,"column":null}},"3":{"start":{"line":22,"column":18},"end":{"line":25,"column":null}},"4":{"start":{"line":29,"column":21},"end":{"line":29,"column":null}},"5":{"start":{"line":29,"column":33},"end":{"line":29,"column":null}},"6":{"start":{"line":32,"column":4},"end":{"line":32,"column":12}},"7":{"start":{"line":32,"column":1},"end":{"line":32,"column":12}},"8":{"start":{"line":34,"column":6},"end":{"line":34,"column":null}},"9":{"start":{"line":34,"column":3},"end":{"line":34,"column":null}},"10":{"start":{"line":39,"column":5},"end":{"line":39,"column":13}},"11":{"start":{"line":39,"column":2},"end":{"line":39,"column":13}},"12":{"start":{"line":44,"column":6},"end":{"line":44,"column":null}},"13":{"start":{"line":44,"column":3},"end":{"line":44,"column":null}},"14":{"start":{"line":32,"column":1},"end":{"line":32,"column":null}},"15":{"start":{"line":39,"column":2},"end":{"line":39,"column":null}}},"fnMap":{"0":{"name":"Card","decl":{"start":{"line":1,"column":0},"end":{"line":1,"column":null}},"loc":{"start":{"line":1,"column":0},"end":{"line":32,"column":12}},"line":1},"1":{"name":"(anonymous_1)","decl":{"start":{"line":22,"column":18},"end":{"line":22,"column":null}},"loc":{"start":{"line":22,"column":18},"end":{"line":25,"column":null}},"line":22},"2":{"name":"(anonymous_2)","decl":{"start":{"line":29,"column":21},"end":{"line":29,"column":33}},"loc":{"start":{"line":29,"column":33},"end":{"line":29,"column":null}},"line":29}},"branchMap":{},"s":{"0":5,"1":5,"2":5,"3":5,"4":5,"5":5,"6":5,"7":5,"8":2,"9":2,"10":5,"11":5,"12":2,"13":2,"14":5,"15":5},"f":{"0":5,"1":5,"2":5},"b":{},"meta":{"lastBranch":0,"lastFunction":3,"lastStatement":16,"seen":{"f:1:0:1:Infinity":0,"s:13:14:13:30":0,"s:13:39:13:Infinity":1,"s:15:20:19:Infinity":2,"s:22:18:25:Infinity":3,"f:22:18:22:Infinity":1,"s:29:21:29:Infinity":4,"f:29:21:29:33":2,"s:29:33:29:Infinity":5,"s:32:4:32:12":6,"s:32:1:32:12":7,"s:34:6:34:Infinity":8,"s:34:3:34:Infinity":9,"s:39:5:39:13":10,"s:39:2:39:13":11,"s:44:6:44:Infinity":12,"s:44:3:44:Infinity":13,"s:32:1:32:Infinity":14,"s:39:2:39:Infinity":15}}}
,"C:\\code\\vacayv2\\vacaytracker-frontend\\src\\lib\\components\\ui\\StatusBadge.svelte": {"path":"C:\\code\\vacayv2\\vacaytracker-frontend\\src\\lib\\components\\ui\\StatusBadge.svelte","statementMap":{"0":{"start":{"line":15,"column":19},"end":{"line":15,"column":28}},"1":{"start":{"line":15,"column":37},"end":{"line":15,"column":53}},"2":{"start":{"line":15,"column":62},"end":{"line":15,"column":null}},"3":{"start":{"line":27,"column":2},"end":{"line":61,"column":null}},"4":{"start":{"line":65,"column":13},"end":{"line":65,"column":null}},"5":{"start":{"line":65,"column":25},"end":{"line":65,"column":null}},"6":{"start":{"line":67,"column":17},"end":{"line":76,"column":null}},"7":{"start":{"line":80,"column":17},"end":{"line":80,"column":null}},"8":{"start":{"line":80,"column":29},"end":{"line":80,"column":null}},"9":{"start":{"line":83,"column":1},"end":{"line":83,"column":null}},"10":{"start":{"line":91,"column":21},"end":{"line":91,"column":null}},"11":{"start":{"line":91,"column":2},"end":{"line":91,"column":21}},"12":{"start":{"line":93,"column":7},"end":{"line":93,"column":15}},"13":{"start":{"line":93,"column":3},"end":{"line":93,"column":15}},"14":{"start":{"line":93,"column":57},"end":{"line":93,"column":null}},"15":{"start":{"line":93,"column":15},"end":{"line":93,"column":57}},"16":{"start":{"line":92,"column":6},"end":{"line":92,"column":null}},"17":{"start":{"line":92,"column":15},"end":{"line":92,"column":null}},"18":{"start":{"line":83,"column":1},"end":{"line":88,"column":null}},"19":{"start":{"line":84,"column":8},"end":{"line":88,"column":null}}},"fnMap":{"0":{"name":"StatusBadge","decl":{"start":{"line":1,"column":0},"end":{"line":1,"column":null}},"loc":{"start":{"line":1,"column":0},"end":{"line":83,"column":null}},"line":1},"1":{"name":"(anonymous_1)","decl":{"start":{"line":65,"column":13},"end":{"line":65,"column":25}},"loc":{"start":{"line":65,"column":25},"end":{"line":65,"column":null}},"line":65},"2":{"name":"(anonymous_2)","decl":{"start":{"line":80,"column":17},"end":{"line":80,"column":29}},"loc":{"start":{"line":80,"column":29},"end":{"line":80,"column":null}},"line":80},"3":{"name":"(anonymous_3)","decl":{"start":{"line":91,"column":21},"end":{"line":91,"column":25}},"loc":{"start":{"line":91,"column":21},"end":{"line":91,"column":null}},"line":91},"4":{"name":"(anonymous_4)","decl":{"start":{"line":93,"column":15},"end":{"line":93,"column":19}},"loc":{"start":{"line":93,"column":15},"end":{"line":93,"column":57}},"line":93},"5":{"name":"(anonymous_5)","decl":{"start":{"line":83,"column":1},"end":{"line":83,"column":null}},"loc":{"start":{"line":83,"column":1},"end":{"line":83,"column":null}},"line":83},"6":{"name":"(anonymous_6)","decl":{"start":{"line":84,"column":8},"end":{"line":84,"column":12}},"loc":{"start":{"line":84,"column":8},"end":{"line":88,"column":null}},"line":84}},"branchMap":{"0":{"loc":{"start":{"line":92,"column":6},"end":{"line":92,"column":null}},"type":"if","locations":[{"start":{"line":92,"column":6},"end":{"line":92,"column":null}},{"start":{},"end":{}}],"line":92}},"s":{"0":5,"1":5,"2":5,"3":5,"4":5,"5":5,"6":5,"7":5,"8":5,"9":5,"10":5,"11":5,"12":4,"13":4,"14":4,"15":4,"16":5,"17":4,"18":5,"19":5},"f":{"0":5,"1":5,"2":5,"3":5,"4":4,"5":5,"6":5},"b":{"0":[4,1]},"meta":{"lastBranch":1,"lastFunction":7,"lastStatement":20,"seen":{"f:1:0:1:Infinity":0,"s:15:19:15:28":0,"s:15:37:15:53":1,"s:15:62:15:Infinity":2,"s:27:2:61:Infinity":3,"s:65:13:65:Infinity":4,"f:65:13:65:25":1,"s:65:25:65:Infinity":5,"s:67:17:76:Infinity":6,"s:80:17:80:Infinity":7,"f:80:17:80:29":2,"s:80:29:80:Infinity":8,"s:83:1:83:Infinity":9,"s:91:21:91:Infinity":10,"f:91:21:91:25":3,"s:91:2:91:21":11,"s:93:7:93:15":12,"s:93:3:93:15":13,"s:93:57:93:Infinity":14,"f:93:15:93:19":4,"s:93:15:93:57":15,"b:92:6:92:Infinity:undefined:undefined:undefined:undefined":0,"s:92:6:92:Infinity":16,"s:92:15:92:Infinity":17,"s:83:1:88:Infinity":18,"f:83:1:83:Infinity":5,"f:84:8:84:12":6,"s:84:8:88:Infinity":19}}}
,"C:\\code\\vacayv2\\vacaytracker-frontend\\src\\lib\\components\\ui\\Toaster.svelte": {"path":"C:\\code\\vacayv2\\vacaytracker-frontend\\src\\lib\\components\\ui\\Toaster.svelte","statementMap":{"0":{"start":{"line":5,"column":12},"end":{"line":9,"column":null}},"1":{"start":{"line":13,"column":13},"end":{"line":32,"column":null}},"2":{"start":{"line":38,"column":1},"end":{"line":38,"column":null}},"3":{"start":{"line":43,"column":8},"end":{"line":43,"column":null}},"4":{"start":{"line":43,"column":8},"end":{"line":43,"column":20}},"5":{"start":{"line":43,"column":27},"end":{"line":43,"column":31}},"6":{"start":{"line":38,"column":1},"end":{"line":46,"column":null}},"7":{"start":{"line":44,"column":14},"end":{"line":44,"column":null}},"8":{"start":{"line":44,"column":17},"end":{"line":44,"column":null}},"9":{"start":{"line":44,"column":10},"end":{"line":44,"column":17}},"10":{"start":{"line":45,"column":15},"end":{"line":45,"column":null}},"11":{"start":{"line":45,"column":18},"end":{"line":45,"column":null}},"12":{"start":{"line":45,"column":10},"end":{"line":45,"column":18}},"13":{"start":{"line":46,"column":3},"end":{"line":46,"column":null}},"14":{"start":{"line":51,"column":46},"end":{"line":51,"column":null}},"15":{"start":{"line":52,"column":7},"end":{"line":52,"column":null}},"16":{"start":{"line":53,"column":6},"end":{"line":52,"column":null}},"17":{"start":{"line":53,"column":5},"end":{"line":53,"column":null}},"18":{"start":{"line":57,"column":7},"end":{"line":57,"column":null}},"19":{"start":{"line":57,"column":6},"end":{"line":57,"column":null}},"20":{"start":{"line":58,"column":7},"end":{"line":58,"column":null}},"21":{"start":{"line":56,"column":9},"end":{"line":56,"column":null}},"22":{"start":{"line":56,"column":22},"end":{"line":56,"column":null}},"23":{"start":{"line":52,"column":4},"end":{"line":52,"column":null}},"24":{"start":{"line":62,"column":4},"end":{"line":52,"column":null}},"25":{"start":{"line":62,"column":4},"end":{"line":64,"column":null}},"26":{"start":{"line":64,"column":19},"end":{"line":64,"column":null}},"27":{"start":{"line":62,"column":4},"end":{"line":62,"column":null}},"28":{"start":{"line":68,"column":5},"end":{"line":68,"column":null}},"29":{"start":{"line":46,"column":3},"end":{"line":49,"column":null}},"30":{"start":{"line":54,"column":6},"end":{"line":54,"column":null}}},"fnMap":{"0":{"name":"Toaster","decl":{"start":{"line":1,"column":0},"end":{"line":1,"column":null}},"loc":{"start":{"line":1,"column":0},"end":{"line":38,"column":null}},"line":1},"1":{"name":"(anonymous_1)","decl":{"start":{"line":43,"column":8},"end":{"line":43,"column":13}},"loc":{"start":{"line":43,"column":8},"end":{"line":43,"column":20}},"line":43},"2":{"name":"(anonymous_2)","decl":{"start":{"line":43,"column":20},"end":{"line":43,"column":24}},"loc":{"start":{"line":43,"column":27},"end":{"line":43,"column":31}},"line":43},"3":{"name":"(anonymous_3)","decl":{"start":{"line":38,"column":1},"end":{"line":38,"column":null}},"loc":{"start":{"line":38,"column":1},"end":{"line":46,"column":null}},"line":38},"4":{"name":"(anonymous_4)","decl":{"start":{"line":43,"column":31},"end":{"line":43,"column":null}},"loc":{"start":{"line":43,"column":25},"end":{"line":46,"column":null}},"line":43},"5":{"name":"(anonymous_5)","decl":{"start":{"line":44,"column":14},"end":{"line":44,"column":17}},"loc":{"start":{"line":44,"column":17},"end":{"line":44,"column":null}},"line":44},"6":{"name":"(anonymous_6)","decl":{"start":{"line":45,"column":15},"end":{"line":45,"column":18}},"loc":{"start":{"line":45,"column":18},"end":{"line":45,"column":null}},"line":45},"7":{"name":"(anonymous_7)","decl":{"start":{"line":58,"column":7},"end":{"line":58,"column":8}},"loc":{"start":{"line":58,"column":7},"end":{"line":58,"column":null}},"line":58},"8":{"name":"(anonymous_8)","decl":{"start":{"line":64,"column":11},"end":{"line":64,"column":19}},"loc":{"start":{"line":64,"column":19},"end":{"line":64,"column":null}},"line":64},"9":{"name":"(anonymous_9)","decl":{"start":{"line":68,"column":5},"end":{"line":68,"column":6}},"loc":{"start":{"line":68,"column":5},"end":{"line":68,"column":null}},"line":68}},"branchMap":{"0":{"loc":{"start":{"line":51,"column":46},"end":{"line":51,"column":null}},"type":"binary-expr","locations":[{"start":{"line":51,"column":46},"end":{"line":51,"column":56}},{"start":{"line":51,"column":56},"end":{"line":51,"column":null}}],"line":51},"1":{"loc":{"start":{"line":56,"column":9},"end":{"line":56,"column":null}},"type":"if","locations":[{"start":{"line":56,"column":9},"end":{"line":56,"column":null}},{"start":{},"end":{}}],"line":56},"2":{"loc":{"start":{"line":46,"column":3},"end":{"line":49,"column":null}},"type":"binary-expr","locations":[{"start":{"line":46,"column":3},"end":{"line":49,"column":131}},{"start":{"line":49,"column":131},"end":{"line":49,"column":null}}],"line":46}},"s":{"0":5,"1":5,"2":5,"3":5,"4":11,"5":5,"6":5,"7":5,"8":5,"9":5,"10":5,"11":5,"12":5,"13":5,"14":35,"15":5,"16":5,"17":5,"18":1,"19":1,"20":1,"21":5,"22":1,"23":5,"24":5,"25":5,"26":1,"27":5,"28":5,"29":5,"30":5},"f":{"0":5,"1":11,"2":10,"3":16,"4":5,"5":5,"6":5,"7":1,"8":1,"9":5},"b":{"0":[35,0],"1":[1,4],"2":[5,0]},"meta":{"lastBranch":3,"lastFunction":10,"lastStatement":31,"seen":{"f:1:0:1:Infinity":0,"s:5:12:9:Infinity":0,"s:13:13:32:Infinity":1,"s:38:1:38:Infinity":2,"s:43:8:43:Infinity":3,"f:43:8:43:13":1,"s:43:8:43:20":4,"f:43:20:43:24":2,"s:43:27:43:31":5,"f:38:1:38:Infinity":3,"s:38:1:46:Infinity":6,"f:43:31:43:Infinity":4,"s:44:14:44:Infinity":7,"f:44:14:44:17":5,"s:44:17:44:Infinity":8,"s:44:10:44:17":9,"s:45:15:45:Infinity":10,"f:45:15:45:18":6,"s:45:18:45:Infinity":11,"s:45:10:45:18":12,"s:46:3:46:Infinity":13,"s:51:46:51:Infinity":14,"b:51:46:51:56:51:56:51:Infinity":0,"s:52:7:52:Infinity":15,"s:53:6:52:Infinity":16,"s:53:5:53:Infinity":17,"s:57:7:57:Infinity":18,"s:57:6:57:Infinity":19,"s:58:7:58:Infinity":20,"f:58:7:58:8":7,"b:56:9:56:Infinity:undefined:undefined:undefined:undefined":1,"s:56:9:56:Infinity":21,"s:56:22:56:Infinity":22,"s:52:4:52:Infinity":23,"s:62:4:52:Infinity":24,"s:62:4:64:Infinity":25,"f:64:11:64:19":8,"s:64:19:64:Infinity":26,"s:62:4:62:Infinity":27,"s:68:5:68:Infinity":28,"f:68:5:68:6":9,"s:46:3:49:Infinity":29,"b:46:3:49:131:49:131:49:Infinity":2,"s:54:6:54:Infinity":30}}}
,"C:\\code\\vacayv2\\vacaytracker-frontend\\src\\lib\\components\\ui\\__tests__\\BadgeWrapper.svelte": {"path":"C:\\code\\vacayv2\\vacaytracker-frontend\\src\\lib\\components\\ui\\__tests__\\BadgeWrapper.svelte","statementMap":{"0":{"start":{"line":11,"column":11},"end":{"line":11,"column":26}},"1":{"start":{"line":11,"column":30},"end":{"line":11,"column":null}},"2":{"start":{"line":14,"column":1},"end":{"line":14,"column":null}},"3":{"start":{"line":14,"column":11},"end":{"line":14,"column":15}},"4":{"start":{"line":14,"column":18},"end":{"line":14,"column":null}}},"fnMap":{"0":{"name":"BadgeWrapper","decl":{"start":{"line":1,"column":0},"end":{"line":1,"column":null}},"loc":{"start":{"line":1,"column":0},"end":{"line":14,"column":null}},"line":1},"1":{"name":"(anonymous_1)","decl":{"start":{"line":14,"column":1},"end":{"line":14,"column":6}},"loc":{"start":{"line":14,"column":1},"end":{"line":14,"column":null}},"line":14},"2":{"name":"(anonymous_2)","decl":{"start":{"line":14,"column":6},"end":{"line":14,"column":11}},"loc":{"start":{"line":14,"column":11},"end":{"line":14,"column":15}},"line":14},"3":{"name":"(anonymous_3)","decl":{"start":{"line":14,"column":18},"end":{"line":14,"column":22}},"loc":{"start":{"line":14,"column":18},"end":{"line":14,"column":null}},"line":14}},"branchMap":{},"s":{"0":5,"1":5,"2":5,"3":30,"4":5},"f":{"0":5,"1":5,"2":30,"3":5},"b":{},"meta":{"lastBranch":0,"lastFunction":4,"lastStatement":5,"seen":{"f:1:0:1:Infinity":0,"s:11:11:11:26":0,"s:11:30:11:Infinity":1,"f:14:1:14:6":1,"s:14:1:14:Infinity":2,"f:14:6:14:11":2,"s:14:11:14:15":3,"s:14:18:14:Infinity":4,"f:14:18:14:22":3}}}
,"C:\\code\\vacayv2\\vacaytracker-frontend\\src\\lib\\components\\ui\\__tests__\\ButtonWrapper.svelte": {"path":"C:\\code\\vacayv2\\vacaytracker-frontend\\src\\lib\\components\\ui\\__tests__\\ButtonWrapper.svelte","statementMap":{"0":{"start":{"line":16,"column":11},"end":{"line":16,"column":29}},"1":{"start":{"line":16,"column":33},"end":{"line":16,"column":null}},"2":{"start":{"line":19,"column":1},"end":{"line":19,"column":null}},"3":{"start":{"line":19,"column":12},"end":{"line":19,"column":16}},"4":{"start":{"line":19,"column":19},"end":{"line":19,"column":null}}},"fnMap":{"0":{"name":"ButtonWrapper","decl":{"start":{"line":1,"column":0},"end":{"line":1,"column":null}},"loc":{"start":{"line":1,"column":0},"end":{"line":19,"column":null}},"line":1},"1":{"name":"(anonymous_1)","decl":{"start":{"line":19,"column":1},"end":{"line":19,"column":7}},"loc":{"start":{"line":19,"column":1},"end":{"line":19,"column":null}},"line":19},"2":{"name":"(anonymous_2)","decl":{"start":{"line":19,"column":7},"end":{"line":19,"column":12}},"loc":{"start":{"line":19,"column":12},"end":{"line":19,"column":16}},"line":19},"3":{"name":"(anonymous_3)","decl":{"start":{"line":19,"column":19},"end":{"line":19,"column":23}},"loc":{"start":{"line":19,"column":19},"end":{"line":19,"column":null}},"line":19}},"branchMap":{},"s":{"0":8,"1":8,"2":8,"3":126,"4":8},"f":{"0":8,"1":8,"2":126,"3":8},"b":{},"meta":{"lastBranch":0,"lastFunction":4,"lastStatement":5,"seen":{"f:1:0:1:Infinity":0,"s:16:11:16:29":0,"s:16:33:16:Infinity":1,"f:19:1:19:7":1,"s:19:1:19:Infinity":2,"f:19:7:19:12":2,"s:19:12:19:16":3,"s:19:19:19:Infinity":4,"f:19:19:19:23":3}}}
,"C:\\code\\vacayv2\\vacaytracker-frontend\\src\\lib\\components\\ui\\__tests__\\CardWrapper.svelte": {"path":"C:\\code\\vacayv2\\vacaytracker-frontend\\src\\lib\\components\\ui\\__tests__\\CardWrapper.svelte","statementMap":{"0":{"start":{"line":15,"column":10},"end":{"line":15,"column":null}},"1":{"start":{"line":16,"column":12},"end":{"line":16,"column":null}},"2":{"start":{"line":17,"column":12},"end":{"line":17,"column":null}},"3":{"start":{"line":18,"column":12},"end":{"line":18,"column":null}},"4":{"start":{"line":19,"column":12},"end":{"line":19,"column":null}},"5":{"start":{"line":20,"column":5},"end":{"line":20,"column":null}},"6":{"start":{"line":26,"column":18},"end":{"line":26,"column":28}},"7":{"start":{"line":26,"column":26},"end":{"line":26,"column":28}},"8":{"start":{"line":26,"column":22},"end":{"line":26,"column":28}},"9":{"start":{"line":26,"column":28},"end":{"line":26,"column":null}},"10":{"start":{"line":27,"column":18},"end":{"line":27,"column":28}},"11":{"start":{"line":27,"column":26},"end":{"line":27,"column":28}},"12":{"start":{"line":27,"column":22},"end":{"line":27,"column":28}},"13":{"start":{"line":27,"column":28},"end":{"line":27,"column":null}},"14":{"start":{"line":25,"column":2},"end":{"line":28,"column":null}},"15":{"start":{"line":25,"column":11},"end":{"line":25,"column":15}},"16":{"start":{"line":28,"column":3},"end":{"line":28,"column":null}},"17":{"start":{"line":32,"column":18},"end":{"line":32,"column":28}},"18":{"start":{"line":32,"column":26},"end":{"line":32,"column":28}},"19":{"start":{"line":32,"column":22},"end":{"line":32,"column":28}},"20":{"start":{"line":32,"column":28},"end":{"line":32,"column":null}},"21":{"start":{"line":31,"column":2},"end":{"line":33,"column":null}},"22":{"start":{"line":31,"column":11},"end":{"line":31,"column":15}},"23":{"start":{"line":33,"column":3},"end":{"line":33,"column":null}},"24":{"start":{"line":37,"column":18},"end":{"line":37,"column":28}},"25":{"start":{"line":37,"column":26},"end":{"line":37,"column":28}},"26":{"start":{"line":37,"column":22},"end":{"line":37,"column":28}},"27":{"start":{"line":37,"column":28},"end":{"line":37,"column":null}},"28":{"start":{"line":36,"column":2},"end":{"line":38,"column":null}},"29":{"start":{"line":36,"column":11},"end":{"line":36,"column":15}},"30":{"start":{"line":38,"column":3},"end":{"line":38,"column":null}},"31":{"start":{"line":41,"column":2},"end":{"line":42,"column":null}},"32":{"start":{"line":41,"column":11},"end":{"line":41,"column":15}},"33":{"start":{"line":42,"column":3},"end":{"line":42,"column":null}},"34":{"start":{"line":35,"column":10},"end":{"line":35,"column":null}},"35":{"start":{"line":35,"column":20},"end":{"line":35,"column":null}},"36":{"start":{"line":30,"column":10},"end":{"line":30,"column":null}},"37":{"start":{"line":30,"column":20},"end":{"line":30,"column":null}},"38":{"start":{"line":24,"column":5},"end":{"line":24,"column":null}},"39":{"start":{"line":24,"column":29},"end":{"line":24,"column":null}}},"fnMap":{"0":{"name":"CardWrapper","decl":{"start":{"line":1,"column":0},"end":{"line":1,"column":null}},"loc":{"start":{"line":1,"column":0},"end":{"line":24,"column":null}},"line":1},"1":{"name":"(anonymous_1)","decl":{"start":{"line":26,"column":18},"end":{"line":26,"column":22}},"loc":{"start":{"line":26,"column":18},"end":{"line":26,"column":28}},"line":26},"2":{"name":"(anonymous_2)","decl":{"start":{"line":26,"column":28},"end":{"line":26,"column":38}},"loc":{"start":{"line":26,"column":28},"end":{"line":26,"column":null}},"line":26},"3":{"name":"(anonymous_3)","decl":{"start":{"line":27,"column":18},"end":{"line":27,"column":22}},"loc":{"start":{"line":27,"column":18},"end":{"line":27,"column":28}},"line":27},"4":{"name":"(anonymous_4)","decl":{"start":{"line":27,"column":28},"end":{"line":27,"column":38}},"loc":{"start":{"line":27,"column":28},"end":{"line":27,"column":null}},"line":27},"5":{"name":"(anonymous_5)","decl":{"start":{"line":25,"column":2},"end":{"line":25,"column":6}},"loc":{"start":{"line":25,"column":2},"end":{"line":28,"column":null}},"line":25},"6":{"name":"(anonymous_6)","decl":{"start":{"line":25,"column":6},"end":{"line":25,"column":11}},"loc":{"start":{"line":25,"column":11},"end":{"line":25,"column":15}},"line":25},"7":{"name":"(anonymous_7)","decl":{"start":{"line":28,"column":3},"end":{"line":28,"column":11}},"loc":{"start":{"line":28,"column":3},"end":{"line":28,"column":null}},"line":28},"8":{"name":"(anonymous_8)","decl":{"start":{"line":32,"column":18},"end":{"line":32,"column":22}},"loc":{"start":{"line":32,"column":18},"end":{"line":32,"column":28}},"line":32},"9":{"name":"(anonymous_9)","decl":{"start":{"line":32,"column":28},"end":{"line":32,"column":38}},"loc":{"start":{"line":32,"column":28},"end":{"line":32,"column":null}},"line":32},"10":{"name":"(anonymous_10)","decl":{"start":{"line":31,"column":2},"end":{"line":31,"column":6}},"loc":{"start":{"line":31,"column":2},"end":{"line":33,"column":null}},"line":31},"11":{"name":"(anonymous_11)","decl":{"start":{"line":31,"column":6},"end":{"line":31,"column":11}},"loc":{"start":{"line":31,"column":11},"end":{"line":31,"column":15}},"line":31},"12":{"name":"(anonymous_12)","decl":{"start":{"line":33,"column":3},"end":{"line":33,"column":11}},"loc":{"start":{"line":33,"column":3},"end":{"line":33,"column":null}},"line":33},"13":{"name":"(anonymous_13)","decl":{"start":{"line":37,"column":18},"end":{"line":37,"column":22}},"loc":{"start":{"line":37,"column":18},"end":{"line":37,"column":28}},"line":37},"14":{"name":"(anonymous_14)","decl":{"start":{"line":37,"column":28},"end":{"line":37,"column":38}},"loc":{"start":{"line":37,"column":28},"end":{"line":37,"column":null}},"line":37},"15":{"name":"(anonymous_15)","decl":{"start":{"line":36,"column":2},"end":{"line":36,"column":6}},"loc":{"start":{"line":36,"column":2},"end":{"line":38,"column":null}},"line":36},"16":{"name":"(anonymous_16)","decl":{"start":{"line":36,"column":6},"end":{"line":36,"column":11}},"loc":{"start":{"line":36,"column":11},"end":{"line":36,"column":15}},"line":36},"17":{"name":"(anonymous_17)","decl":{"start":{"line":38,"column":3},"end":{"line":38,"column":11}},"loc":{"start":{"line":38,"column":3},"end":{"line":38,"column":null}},"line":38},"18":{"name":"(anonymous_18)","decl":{"start":{"line":41,"column":2},"end":{"line":41,"column":6}},"loc":{"start":{"line":41,"column":2},"end":{"line":42,"column":null}},"line":41},"19":{"name":"(anonymous_19)","decl":{"start":{"line":41,"column":6},"end":{"line":41,"column":11}},"loc":{"start":{"line":41,"column":11},"end":{"line":41,"column":15}},"line":41},"20":{"name":"(anonymous_20)","decl":{"start":{"line":42,"column":3},"end":{"line":42,"column":11}},"loc":{"start":{"line":42,"column":3},"end":{"line":42,"column":null}},"line":42}},"branchMap":{"0":{"loc":{"start":{"line":35,"column":10},"end":{"line":35,"column":null}},"type":"if","locations":[{"start":{"line":35,"column":10},"end":{"line":35,"column":null}},{"start":{"line":35,"column":20},"end":{"line":35,"column":null}}],"line":35},"1":{"loc":{"start":{"line":30,"column":10},"end":{"line":30,"column":null}},"type":"if","locations":[{"start":{"line":30,"column":10},"end":{"line":30,"column":null}},{"start":{"line":30,"column":20},"end":{"line":30,"column":null}}],"line":30},"2":{"loc":{"start":{"line":24,"column":5},"end":{"line":24,"column":null}},"type":"if","locations":[{"start":{"line":24,"column":5},"end":{"line":24,"column":null}},{"start":{"line":24,"column":29},"end":{"line":24,"column":null}}],"line":24},"3":{"loc":{"start":{"line":24,"column":5},"end":{"line":24,"column":null}},"type":"binary-expr","locations":[{"start":{"line":24,"column":5},"end":{"line":24,"column":19}},{"start":{"line":24,"column":19},"end":{"line":24,"column":null}}],"line":24}},"s":{"0":5,"1":5,"2":5,"3":5,"4":5,"5":5,"6":1,"7":1,"8":1,"9":1,"10":1,"11":1,"12":1,"13":1,"14":1,"15":4,"16":1,"17":1,"18":1,"19":1,"20":1,"21":1,"22":5,"23":1,"24":1,"25":1,"26":1,"27":1,"28":1,"29":5,"30":1,"31":2,"32":12,"33":2,"34":3,"35":2,"36":4,"37":3,"38":5,"39":4},"f":{"0":5,"1":1,"2":1,"3":1,"4":1,"5":1,"6":4,"7":1,"8":1,"9":1,"10":1,"11":5,"12":1,"13":1,"14":1,"15":1,"16":5,"17":1,"18":2,"19":12,"20":2},"b":{"0":[1,2],"1":[1,3],"2":[1,4],"3":[5,2]},"meta":{"lastBranch":4,"lastFunction":21,"lastStatement":40,"seen":{"f:1:0:1:Infinity":0,"s:15:10:15:Infinity":0,"s:16:12:16:Infinity":1,"s:17:12:17:Infinity":2,"s:18:12:18:Infinity":3,"s:19:12:19:Infinity":4,"s:20:5:20:Infinity":5,"s:26:18:26:28":6,"f:26:18:26:22":1,"s:26:26:26:28":7,"s:26:22:26:28":8,"s:26:28:26:Infinity":9,"f:26:28:26:38":2,"s:27:18:27:28":10,"f:27:18:27:22":3,"s:27:26:27:28":11,"s:27:22:27:28":12,"s:27:28:27:Infinity":13,"f:27:28:27:38":4,"f:25:2:25:6":5,"s:25:2:28:Infinity":14,"f:25:6:25:11":6,"s:25:11:25:15":15,"s:28:3:28:Infinity":16,"f:28:3:28:11":7,"s:32:18:32:28":17,"f:32:18:32:22":8,"s:32:26:32:28":18,"s:32:22:32:28":19,"s:32:28:32:Infinity":20,"f:32:28:32:38":9,"f:31:2:31:6":10,"s:31:2:33:Infinity":21,"f:31:6:31:11":11,"s:31:11:31:15":22,"s:33:3:33:Infinity":23,"f:33:3:33:11":12,"s:37:18:37:28":24,"f:37:18:37:22":13,"s:37:26:37:28":25,"s:37:22:37:28":26,"s:37:28:37:Infinity":27,"f:37:28:37:38":14,"f:36:2:36:6":15,"s:36:2:38:Infinity":28,"f:36:6:36:11":16,"s:36:11:36:15":29,"s:38:3:38:Infinity":30,"f:38:3:38:11":17,"f:41:2:41:6":18,"s:41:2:42:Infinity":31,"f:41:6:41:11":19,"s:41:11:41:15":32,"s:42:3:42:Infinity":33,"f:42:3:42:11":20,"b:35:10:35:Infinity:35:20:35:Infinity":0,"s:35:10:35:Infinity":34,"s:35:20:35:Infinity":35,"b:30:10:30:Infinity:30:20:30:Infinity":1,"s:30:10:30:Infinity":36,"s:30:20:30:Infinity":37,"b:24:5:24:Infinity:24:29:24:Infinity":2,"s:24:5:24:Infinity":38,"b:24:5:24:19:24:19:24:Infinity":3,"s:24:29:24:Infinity":39}}}
,"C:\\code\\vacayv2\\vacaytracker-frontend\\src\\lib\\stores\\admin.svelte.ts": {"path":"C:\\code\\vacayv2\\vacaytracker-frontend\\src\\lib\\stores\\admin.svelte.ts","statementMap":{"0":{"start":{"line":4,"column":18},"end":{"line":4,"column":null}},"1":{"start":{"line":13,"column":5},"end":{"line":13,"column":null}},"2":{"start":{"line":14,"column":5},"end":{"line":14,"column":null}},"3":{"start":{"line":15,"column":5},"end":{"line":15,"column":null}},"4":{"start":{"line":16,"column":5},"end":{"line":16,"column":null}},"5":{"start":{"line":17,"column":5},"end":{"line":17,"column":null}},"6":{"start":{"line":18,"column":5},"end":{"line":18,"column":null}},"7":{"start":{"line":19,"column":5},"end":{"line":19,"column":null}},"8":{"start":{"line":20,"column":5},"end":{"line":20,"column":null}},"9":{"start":{"line":21,"column":5},"end":{"line":24,"column":null}},"10":{"start":{"line":28,"column":8},"end":{"line":28,"column":null}},"11":{"start":{"line":29,"column":7},"end":{"line":29,"column":null}},"12":{"start":{"line":30,"column":9},"end":{"line":30,"column":null}},"13":{"start":{"line":38,"column":8},"end":{"line":38,"column":null}},"14":{"start":{"line":39,"column":21},"end":{"line":39,"column":null}},"15":{"start":{"line":41,"column":7},"end":{"line":43,"column":null}},"16":{"start":{"line":45,"column":2},"end":{"line":45,"column":null}},"17":{"start":{"line":46,"column":2},"end":{"line":46,"column":null}},"18":{"start":{"line":47,"column":6},"end":{"line":60,"column":null}},"19":{"start":{"line":48,"column":9},"end":{"line":48,"column":null}},"20":{"start":{"line":49,"column":3},"end":{"line":49,"column":null}},"21":{"start":{"line":50,"column":3},"end":{"line":50,"column":null}},"22":{"start":{"line":51,"column":7},"end":{"line":53,"column":null}},"23":{"start":{"line":52,"column":4},"end":{"line":52,"column":null}},"24":{"start":{"line":55,"column":3},"end":{"line":55,"column":null}},"25":{"start":{"line":56,"column":3},"end":{"line":56,"column":null}},"26":{"start":{"line":57,"column":3},"end":{"line":57,"column":null}},"27":{"start":{"line":59,"column":3},"end":{"line":59,"column":null}},"28":{"start":{"line":64,"column":7},"end":{"line":66,"column":null}},"29":{"start":{"line":68,"column":2},"end":{"line":68,"column":null}},"30":{"start":{"line":69,"column":6},"end":{"line":77,"column":null}},"31":{"start":{"line":70,"column":9},"end":{"line":70,"column":null}},"32":{"start":{"line":71,"column":3},"end":{"line":71,"column":null}},"33":{"start":{"line":72,"column":3},"end":{"line":72,"column":null}},"34":{"start":{"line":74,"column":3},"end":{"line":74,"column":null}},"35":{"start":{"line":75,"column":3},"end":{"line":75,"column":null}},"36":{"start":{"line":76,"column":3},"end":{"line":76,"column":null}},"37":{"start":{"line":81,"column":7},"end":{"line":83,"column":null}},"38":{"start":{"line":85,"column":2},"end":{"line":85,"column":null}},"39":{"start":{"line":86,"column":6},"end":{"line":93,"column":null}},"40":{"start":{"line":87,"column":3},"end":{"line":87,"column":null}},"41":{"start":{"line":88,"column":3},"end":{"line":88,"column":null}},"42":{"start":{"line":90,"column":3},"end":{"line":90,"column":null}},"43":{"start":{"line":91,"column":3},"end":{"line":91,"column":null}},"44":{"start":{"line":92,"column":3},"end":{"line":92,"column":null}},"45":{"start":{"line":101,"column":8},"end":{"line":101,"column":null}},"46":{"start":{"line":103,"column":2},"end":{"line":103,"column":null}},"47":{"start":{"line":103,"column":44},"end":{"line":103,"column":null}},"48":{"start":{"line":104,"column":9},"end":{"line":104,"column":null}},"49":{"start":{"line":108,"column":6},"end":{"line":113,"column":null}},"50":{"start":{"line":109,"column":19},"end":{"line":109,"column":null}},"51":{"start":{"line":109,"column":37},"end":{"line":109,"column":null}},"52":{"start":{"line":110,"column":3},"end":{"line":110,"column":null}},"53":{"start":{"line":112,"column":3},"end":{"line":112,"column":null}},"54":{"start":{"line":117,"column":8},"end":{"line":117,"column":null}},"55":{"start":{"line":118,"column":2},"end":{"line":118,"column":null}},"56":{"start":{"line":119,"column":9},"end":{"line":119,"column":null}},"57":{"start":{"line":123,"column":8},"end":{"line":123,"column":null}},"58":{"start":{"line":124,"column":2},"end":{"line":124,"column":null}},"59":{"start":{"line":124,"column":21},"end":{"line":124,"column":51}},"60":{"start":{"line":125,"column":9},"end":{"line":125,"column":null}},"61":{"start":{"line":129,"column":8},"end":{"line":129,"column":null}},"62":{"start":{"line":130,"column":2},"end":{"line":130,"column":null}},"63":{"start":{"line":130,"column":24},"end":{"line":130,"column":null}},"64":{"start":{"line":134,"column":8},"end":{"line":134,"column":null}},"65":{"start":{"line":135,"column":2},"end":{"line":135,"column":null}},"66":{"start":{"line":135,"column":21},"end":{"line":135,"column":51}},"67":{"start":{"line":136,"column":9},"end":{"line":136,"column":null}},"68":{"start":{"line":140,"column":2},"end":{"line":140,"column":null}},"69":{"start":{"line":141,"column":9},"end":{"line":141,"column":null}},"70":{"start":{"line":145,"column":6},"end":{"line":152,"column":null}},"71":{"start":{"line":146,"column":3},"end":{"line":146,"column":null}},"72":{"start":{"line":147,"column":10},"end":{"line":147,"column":null}},"73":{"start":{"line":149,"column":3},"end":{"line":149,"column":null}},"74":{"start":{"line":150,"column":3},"end":{"line":150,"column":null}},"75":{"start":{"line":151,"column":9},"end":{"line":151,"column":null}},"76":{"start":{"line":156,"column":2},"end":{"line":156,"column":null}},"77":{"start":{"line":157,"column":6},"end":{"line":164,"column":null}},"78":{"start":{"line":158,"column":9},"end":{"line":158,"column":null}},"79":{"start":{"line":160,"column":9},"end":{"line":160,"column":null}},"80":{"start":{"line":161,"column":10},"end":{"line":161,"column":null}},"81":{"start":{"line":163,"column":3},"end":{"line":163,"column":null}},"82":{"start":{"line":169,"column":10},"end":{"line":169,"column":null}},"83":{"start":{"line":172,"column":10},"end":{"line":172,"column":null}},"84":{"start":{"line":175,"column":10},"end":{"line":175,"column":null}},"85":{"start":{"line":178,"column":10},"end":{"line":178,"column":null}},"86":{"start":{"line":181,"column":10},"end":{"line":181,"column":null}},"87":{"start":{"line":184,"column":10},"end":{"line":184,"column":null}},"88":{"start":{"line":187,"column":10},"end":{"line":187,"column":null}},"89":{"start":{"line":190,"column":10},"end":{"line":190,"column":null}},"90":{"start":{"line":207,"column":21},"end":{"line":207,"column":null}}},"fnMap":{"0":{"name":"createAdminStore","decl":{"start":{"line":12,"column":9},"end":{"line":12,"column":28}},"loc":{"start":{"line":12,"column":28},"end":{"line":205,"column":null}},"line":12},"1":{"name":"isCacheValid","decl":{"start":{"line":27,"column":10},"end":{"line":27,"column":23}},"loc":{"start":{"line":27,"column":54},"end":{"line":31,"column":null}},"line":27},"2":{"name":"fetchUsers","decl":{"start":{"line":33,"column":16},"end":{"line":33,"column":null}},"loc":{"start":{"line":36,"column":3},"end":{"line":61,"column":null}},"line":36},"3":{"name":"fetchPendingRequests","decl":{"start":{"line":63,"column":16},"end":{"line":63,"column":37}},"loc":{"start":{"line":63,"column":68},"end":{"line":78,"column":null}},"line":63},"4":{"name":"fetchSettings","decl":{"start":{"line":80,"column":16},"end":{"line":80,"column":30}},"loc":{"start":{"line":80,"column":61},"end":{"line":94,"column":null}},"line":80},"5":{"name":"reviewRequest","decl":{"start":{"line":96,"column":16},"end":{"line":96,"column":null}},"loc":{"start":{"line":100,"column":29},"end":{"line":105,"column":null}},"line":100},"6":{"name":"(anonymous_6)","decl":{"start":{"line":103,"column":36},"end":{"line":103,"column":44}},"loc":{"start":{"line":103,"column":44},"end":{"line":103,"column":null}},"line":103},"7":{"name":"invalidateCache","decl":{"start":{"line":107,"column":10},"end":{"line":107,"column":26}},"loc":{"start":{"line":107,"column":54},"end":{"line":114,"column":null}},"line":107},"8":{"name":"(anonymous_8)","decl":{"start":{"line":109,"column":24},"end":{"line":109,"column":32}},"loc":{"start":{"line":109,"column":37},"end":{"line":109,"column":null}},"line":109},"9":{"name":"createUser","decl":{"start":{"line":116,"column":16},"end":{"line":116,"column":27}},"loc":{"start":{"line":116,"column":76},"end":{"line":120,"column":null}},"line":116},"10":{"name":"updateUser","decl":{"start":{"line":122,"column":16},"end":{"line":122,"column":27}},"loc":{"start":{"line":122,"column":88},"end":{"line":126,"column":null}},"line":122},"11":{"name":"(anonymous_11)","decl":{"start":{"line":124,"column":16},"end":{"line":124,"column":21}},"loc":{"start":{"line":124,"column":21},"end":{"line":124,"column":51}},"line":124},"12":{"name":"deleteUser","decl":{"start":{"line":128,"column":16},"end":{"line":128,"column":27}},"loc":{"start":{"line":128,"column":39},"end":{"line":131,"column":null}},"line":128},"13":{"name":"(anonymous_13)","decl":{"start":{"line":130,"column":16},"end":{"line":130,"column":24}},"loc":{"start":{"line":130,"column":24},"end":{"line":130,"column":null}},"line":130},"14":{"name":"updateBalance","decl":{"start":{"line":133,"column":16},"end":{"line":133,"column":30}},"loc":{"start":{"line":133,"column":59},"end":{"line":137,"column":null}},"line":133},"15":{"name":"(anonymous_15)","decl":{"start":{"line":135,"column":16},"end":{"line":135,"column":21}},"loc":{"start":{"line":135,"column":21},"end":{"line":135,"column":51}},"line":135},"16":{"name":"updateSettings","decl":{"start":{"line":139,"column":16},"end":{"line":139,"column":31}},"loc":{"start":{"line":139,"column":84},"end":{"line":142,"column":null}},"line":139},"17":{"name":"fetchNewsletterPreview","decl":{"start":{"line":144,"column":16},"end":{"line":144,"column":41}},"loc":{"start":{"line":144,"column":41},"end":{"line":153,"column":null}},"line":144},"18":{"name":"sendNewsletter","decl":{"start":{"line":155,"column":16},"end":{"line":155,"column":33}},"loc":{"start":{"line":155,"column":33},"end":{"line":165,"column":null}},"line":155},"19":{"name":"(anonymous_19)","decl":{"start":{"line":168,"column":6},"end":{"line":168,"column":14}},"loc":{"start":{"line":168,"column":14},"end":{"line":170,"column":null}},"line":168},"20":{"name":"(anonymous_20)","decl":{"start":{"line":171,"column":6},"end":{"line":171,"column":24}},"loc":{"start":{"line":171,"column":24},"end":{"line":173,"column":null}},"line":171},"21":{"name":"(anonymous_21)","decl":{"start":{"line":174,"column":6},"end":{"line":174,"column":17}},"loc":{"start":{"line":174,"column":17},"end":{"line":176,"column":null}},"line":174},"22":{"name":"(anonymous_22)","decl":{"start":{"line":177,"column":6},"end":{"line":177,"column":19}},"loc":{"start":{"line":177,"column":19},"end":{"line":179,"column":null}},"line":177},"23":{"name":"(anonymous_23)","decl":{"start":{"line":180,"column":6},"end":{"line":180,"column":18}},"loc":{"start":{"line":180,"column":18},"end":{"line":182,"column":null}},"line":180},"24":{"name":"(anonymous_24)","decl":{"start":{"line":183,"column":6},"end":{"line":183,"column":14}},"loc":{"start":{"line":183,"column":14},"end":{"line":185,"column":null}},"line":183},"25":{"name":"(anonymous_25)","decl":{"start":{"line":186,"column":6},"end":{"line":186,"column":26}},"loc":{"start":{"line":186,"column":26},"end":{"line":188,"column":null}},"line":186},"26":{"name":"(anonymous_26)","decl":{"start":{"line":189,"column":6},"end":{"line":189,"column":28}},"loc":{"start":{"line":189,"column":28},"end":{"line":191,"column":null}},"line":189}},"branchMap":{"0":{"loc":{"start":{"line":29,"column":7},"end":{"line":29,"column":null}},"type":"if","locations":[{"start":{"line":29,"column":7},"end":{"line":29,"column":null}},{"start":{},"end":{}}],"line":29},"1":{"loc":{"start":{"line":38,"column":8},"end":{"line":38,"column":null}},"type":"binary-expr","locations":[{"start":{"line":38,"column":8},"end":{"line":38,"column":41}},{"start":{"line":38,"column":33},"end":{"line":38,"column":null}}],"line":38},"2":{"loc":{"start":{"line":39,"column":21},"end":{"line":39,"column":null}},"type":"binary-expr","locations":[{"start":{"line":39,"column":21},"end":{"line":39,"column":39}},{"start":{"line":39,"column":39},"end":{"line":39,"column":null}}],"line":39},"3":{"loc":{"start":{"line":41,"column":7},"end":{"line":43,"column":null}},"type":"if","locations":[{"start":{"line":41,"column":7},"end":{"line":43,"column":null}},{"start":{},"end":{}}],"line":41},"4":{"loc":{"start":{"line":41,"column":7},"end":{"line":41,"column":82}},"type":"binary-expr","locations":[{"start":{"line":41,"column":7},"end":{"line":41,"column":25}},{"start":{"line":41,"column":25},"end":{"line":41,"column":43}},{"start":{"line":41,"column":25},"end":{"line":41,"column":57}},{"start":{"line":41,"column":57},"end":{"line":41,"column":82}}],"line":41},"5":{"loc":{"start":{"line":51,"column":7},"end":{"line":53,"column":null}},"type":"if","locations":[{"start":{"line":51,"column":7},"end":{"line":53,"column":null}},{"start":{},"end":{}}],"line":51},"6":{"loc":{"start":{"line":51,"column":7},"end":{"line":51,"column":37}},"type":"binary-expr","locations":[{"start":{"line":51,"column":7},"end":{"line":51,"column":25}},{"start":{"line":51,"column":7},"end":{"line":51,"column":37}}],"line":51},"7":{"loc":{"start":{"line":56,"column":11},"end":{"line":56,"column":null}},"type":"cond-expr","locations":[{"start":{"line":56,"column":32},"end":{"line":56,"column":44}},{"start":{"line":56,"column":44},"end":{"line":56,"column":null}}],"line":56},"8":{"loc":{"start":{"line":64,"column":7},"end":{"line":66,"column":null}},"type":"if","locations":[{"start":{"line":64,"column":7},"end":{"line":66,"column":null}},{"start":{},"end":{}}],"line":64},"9":{"loc":{"start":{"line":64,"column":7},"end":{"line":64,"column":60}},"type":"binary-expr","locations":[{"start":{"line":64,"column":7},"end":{"line":64,"column":25}},{"start":{"line":64,"column":25},"end":{"line":64,"column":60}}],"line":64},"10":{"loc":{"start":{"line":75,"column":11},"end":{"line":75,"column":null}},"type":"cond-expr","locations":[{"start":{"line":75,"column":32},"end":{"line":75,"column":44}},{"start":{"line":75,"column":44},"end":{"line":75,"column":null}}],"line":75},"11":{"loc":{"start":{"line":81,"column":7},"end":{"line":83,"column":null}},"type":"if","locations":[{"start":{"line":81,"column":7},"end":{"line":83,"column":null}},{"start":{},"end":{}}],"line":81},"12":{"loc":{"start":{"line":81,"column":7},"end":{"line":81,"column":53}},"type":"binary-expr","locations":[{"start":{"line":81,"column":7},"end":{"line":81,"column":25}},{"start":{"line":81,"column":25},"end":{"line":81,"column":53}}],"line":81},"13":{"loc":{"start":{"line":91,"column":11},"end":{"line":91,"column":null}},"type":"cond-expr","locations":[{"start":{"line":91,"column":32},"end":{"line":91,"column":44}},{"start":{"line":91,"column":44},"end":{"line":91,"column":null}}],"line":91},"14":{"loc":{"start":{"line":108,"column":6},"end":{"line":113,"column":null}},"type":"if","locations":[{"start":{"line":108,"column":6},"end":{"line":113,"column":null}},{"start":{"line":111,"column":9},"end":{"line":113,"column":null}}],"line":108},"15":{"loc":{"start":{"line":124,"column":21},"end":{"line":124,"column":51}},"type":"cond-expr","locations":[{"start":{"line":124,"column":42},"end":{"line":124,"column":49}},{"start":{"line":124,"column":49},"end":{"line":124,"column":51}}],"line":124},"16":{"loc":{"start":{"line":135,"column":21},"end":{"line":135,"column":51}},"type":"cond-expr","locations":[{"start":{"line":135,"column":42},"end":{"line":135,"column":49}},{"start":{"line":135,"column":49},"end":{"line":135,"column":51}}],"line":135}},"s":{"0":21,"1":21,"2":21,"3":21,"4":21,"5":21,"6":21,"7":21,"8":21,"9":21,"10":31,"11":27,"12":4,"13":17,"14":17,"15":17,"16":16,"17":16,"18":16,"19":16,"20":15,"21":15,"22":15,"23":13,"24":1,"25":1,"26":1,"27":16,"28":10,"29":8,"30":8,"31":8,"32":7,"33":7,"34":1,"35":1,"36":1,"37":7,"38":6,"39":6,"40":6,"41":5,"42":1,"43":1,"44":1,"45":2,"46":2,"47":3,"48":2,"49":2,"50":1,"51":1,"52":1,"53":1,"54":1,"55":1,"56":1,"57":1,"58":1,"59":1,"60":1,"61":1,"62":1,"63":2,"64":1,"65":1,"66":1,"67":1,"68":1,"69":1,"70":1,"71":1,"72":1,"73":0,"74":0,"75":0,"76":1,"77":1,"78":1,"79":1,"80":1,"81":1,"82":11,"83":5,"84":3,"85":1,"86":2,"87":6,"88":1,"89":1,"90":21},"f":{"0":21,"1":31,"2":17,"3":10,"4":7,"5":2,"6":3,"7":2,"8":1,"9":1,"10":1,"11":1,"12":1,"13":2,"14":1,"15":1,"16":1,"17":1,"18":1,"19":11,"20":5,"21":3,"22":1,"23":2,"24":6,"25":1,"26":1},"b":{"0":[27,4],"1":[17,0],"2":[17,16],"3":[1,16],"4":[17,16,16,14],"5":[13,2],"6":[15,15],"7":[1,0],"8":[2,8],"9":[10,10],"10":[1,0],"11":[1,6],"12":[7,7],"13":[1,0],"14":[1,1],"15":[1,0],"16":[1,0]},"meta":{"lastBranch":17,"lastFunction":27,"lastStatement":91,"seen":{"s:4:18:4:Infinity":0,"f:12:9:12:28":0,"s:13:5:13:Infinity":1,"s:14:5:14:Infinity":2,"s:15:5:15:Infinity":3,"s:16:5:16:Infinity":4,"s:17:5:17:Infinity":5,"s:18:5:18:Infinity":6,"s:19:5:19:Infinity":7,"s:20:5:20:Infinity":8,"s:21:5:24:Infinity":9,"f:27:10:27:23":1,"s:28:8:28:Infinity":10,"b:29:7:29:Infinity:undefined:undefined:undefined:undefined":0,"s:29:7:29:Infinity":11,"s:30:9:30:Infinity":12,"f:33:16:33:Infinity":2,"s:38:8:38:Infinity":13,"b:38:8:38:41:38:33:38:Infinity":1,"s:39:21:39:Infinity":14,"b:39:21:39:39:39:39:39:Infinity":2,"b:41:7:43:Infinity:undefined:undefined:undefined:undefined":3,"s:41:7:43:Infinity":15,"b:41:7:41:25:41:25:41:43:41:25:41:57:41:57:41:82":4,"s:45:2:45:Infinity":16,"s:46:2:46:Infinity":17,"s:47:6:60:Infinity":18,"s:48:9:48:Infinity":19,"s:49:3:49:Infinity":20,"s:50:3:50:Infinity":21,"b:51:7:53:Infinity:undefined:undefined:undefined:undefined":5,"s:51:7:53:Infinity":22,"b:51:7:51:25:51:7:51:37":6,"s:52:4:52:Infinity":23,"s:55:3:55:Infinity":24,"s:56:3:56:Infinity":25,"b:56:32:56:44:56:44:56:Infinity":7,"s:57:3:57:Infinity":26,"s:59:3:59:Infinity":27,"f:63:16:63:37":3,"b:64:7:66:Infinity:undefined:undefined:undefined:undefined":8,"s:64:7:66:Infinity":28,"b:64:7:64:25:64:25:64:60":9,"s:68:2:68:Infinity":29,"s:69:6:77:Infinity":30,"s:70:9:70:Infinity":31,"s:71:3:71:Infinity":32,"s:72:3:72:Infinity":33,"s:74:3:74:Infinity":34,"s:75:3:75:Infinity":35,"b:75:32:75:44:75:44:75:Infinity":10,"s:76:3:76:Infinity":36,"f:80:16:80:30":4,"b:81:7:83:Infinity:undefined:undefined:undefined:undefined":11,"s:81:7:83:Infinity":37,"b:81:7:81:25:81:25:81:53":12,"s:85:2:85:Infinity":38,"s:86:6:93:Infinity":39,"s:87:3:87:Infinity":40,"s:88:3:88:Infinity":41,"s:90:3:90:Infinity":42,"s:91:3:91:Infinity":43,"b:91:32:91:44:91:44:91:Infinity":13,"s:92:3:92:Infinity":44,"f:96:16:96:Infinity":5,"s:101:8:101:Infinity":45,"s:103:2:103:Infinity":46,"f:103:36:103:44":6,"s:103:44:103:Infinity":47,"s:104:9:104:Infinity":48,"f:107:10:107:26":7,"b:108:6:113:Infinity:111:9:113:Infinity":14,"s:108:6:113:Infinity":49,"s:109:19:109:Infinity":50,"f:109:24:109:32":8,"s:109:37:109:Infinity":51,"s:110:3:110:Infinity":52,"s:112:3:112:Infinity":53,"f:116:16:116:27":9,"s:117:8:117:Infinity":54,"s:118:2:118:Infinity":55,"s:119:9:119:Infinity":56,"f:122:16:122:27":10,"s:123:8:123:Infinity":57,"s:124:2:124:Infinity":58,"f:124:16:124:21":11,"s:124:21:124:51":59,"b:124:42:124:49:124:49:124:51":15,"s:125:9:125:Infinity":60,"f:128:16:128:27":12,"s:129:8:129:Infinity":61,"s:130:2:130:Infinity":62,"f:130:16:130:24":13,"s:130:24:130:Infinity":63,"f:133:16:133:30":14,"s:134:8:134:Infinity":64,"s:135:2:135:Infinity":65,"f:135:16:135:21":15,"s:135:21:135:51":66,"b:135:42:135:49:135:49:135:51":16,"s:136:9:136:Infinity":67,"f:139:16:139:31":16,"s:140:2:140:Infinity":68,"s:141:9:141:Infinity":69,"f:144:16:144:41":17,"s:145:6:152:Infinity":70,"s:146:3:146:Infinity":71,"s:147:10:147:Infinity":72,"s:149:3:149:Infinity":73,"s:150:3:150:Infinity":74,"s:151:9:151:Infinity":75,"f:155:16:155:33":18,"s:156:2:156:Infinity":76,"s:157:6:164:Infinity":77,"s:158:9:158:Infinity":78,"s:160:9:160:Infinity":79,"s:161:10:161:Infinity":80,"s:163:3:163:Infinity":81,"f:168:6:168:14":19,"s:169:10:169:Infinity":82,"f:171:6:171:24":20,"s:172:10:172:Infinity":83,"f:174:6:174:17":21,"s:175:10:175:Infinity":84,"f:177:6:177:19":22,"s:178:10:178:Infinity":85,"f:180:6:180:18":23,"s:181:10:181:Infinity":86,"f:183:6:183:14":24,"s:184:10:184:Infinity":87,"f:186:6:186:26":25,"s:187:10:187:Infinity":88,"f:189:6:189:28":26,"s:190:10:190:Infinity":89,"s:207:21:207:Infinity":90}}}
,"C:\\code\\vacayv2\\vacaytracker-frontend\\src\\lib\\stores\\auth.svelte.ts": {"path":"C:\\code\\vacayv2\\vacaytracker-frontend\\src\\lib\\stores\\auth.svelte.ts","statementMap":{"0":{"start":{"line":5,"column":5},"end":{"line":5,"column":null}},"1":{"start":{"line":6,"column":5},"end":{"line":6,"column":null}},"2":{"start":{"line":7,"column":5},"end":{"line":7,"column":null}},"3":{"start":{"line":9,"column":7},"end":{"line":9,"column":null}},"4":{"start":{"line":10,"column":7},"end":{"line":10,"column":null}},"5":{"start":{"line":11,"column":7},"end":{"line":11,"column":null}},"6":{"start":{"line":14,"column":13},"end":{"line":14,"column":null}},"7":{"start":{"line":14,"column":24},"end":{"line":14,"column":null}},"8":{"start":{"line":16,"column":16},"end":{"line":16,"column":null}},"9":{"start":{"line":17,"column":7},"end":{"line":20,"column":null}},"10":{"start":{"line":18,"column":3},"end":{"line":18,"column":null}},"11":{"start":{"line":22,"column":6},"end":{"line":29,"column":null}},"12":{"start":{"line":23,"column":3},"end":{"line":23,"column":null}},"13":{"start":{"line":25,"column":3},"end":{"line":25,"column":null}},"14":{"start":{"line":26,"column":3},"end":{"line":26,"column":null}},"15":{"start":{"line":28,"column":3},"end":{"line":28,"column":null}},"16":{"start":{"line":33,"column":2},"end":{"line":33,"column":null}},"17":{"start":{"line":34,"column":2},"end":{"line":34,"column":null}},"18":{"start":{"line":36,"column":6},"end":{"line":44,"column":null}},"19":{"start":{"line":37,"column":9},"end":{"line":37,"column":null}},"20":{"start":{"line":38,"column":3},"end":{"line":38,"column":null}},"21":{"start":{"line":40,"column":3},"end":{"line":40,"column":null}},"22":{"start":{"line":41,"column":9},"end":{"line":41,"column":null}},"23":{"start":{"line":43,"column":3},"end":{"line":43,"column":null}},"24":{"start":{"line":48,"column":2},"end":{"line":48,"column":null}},"25":{"start":{"line":49,"column":2},"end":{"line":49,"column":null}},"26":{"start":{"line":53,"column":6},"end":{"line":55,"column":null}},"27":{"start":{"line":54,"column":3},"end":{"line":54,"column":null}},"28":{"start":{"line":60,"column":10},"end":{"line":60,"column":null}},"29":{"start":{"line":63,"column":10},"end":{"line":63,"column":null}},"30":{"start":{"line":66,"column":10},"end":{"line":66,"column":null}},"31":{"start":{"line":69,"column":10},"end":{"line":69,"column":null}},"32":{"start":{"line":72,"column":10},"end":{"line":72,"column":null}},"33":{"start":{"line":75,"column":10},"end":{"line":75,"column":null}},"34":{"start":{"line":84,"column":20},"end":{"line":84,"column":null}}},"fnMap":{"0":{"name":"createAuthStore","decl":{"start":{"line":4,"column":9},"end":{"line":4,"column":27}},"loc":{"start":{"line":4,"column":27},"end":{"line":82,"column":null}},"line":4},"1":{"name":"(anonymous_1)","decl":{"start":{"line":9,"column":7},"end":{"line":9,"column":34}},"loc":{"start":{"line":9,"column":7},"end":{"line":9,"column":null}},"line":9},"2":{"name":"(anonymous_2)","decl":{"start":{"line":10,"column":7},"end":{"line":10,"column":26}},"loc":{"start":{"line":10,"column":7},"end":{"line":10,"column":null}},"line":10},"3":{"name":"(anonymous_3)","decl":{"start":{"line":11,"column":7},"end":{"line":11,"column":29}},"loc":{"start":{"line":11,"column":7},"end":{"line":11,"column":null}},"line":11},"4":{"name":"initialize","decl":{"start":{"line":13,"column":16},"end":{"line":13,"column":44}},"loc":{"start":{"line":13,"column":44},"end":{"line":30,"column":null}},"line":13},"5":{"name":"login","decl":{"start":{"line":32,"column":16},"end":{"line":32,"column":22}},"loc":{"start":{"line":32,"column":70},"end":{"line":45,"column":null}},"line":32},"6":{"name":"logout","decl":{"start":{"line":47,"column":10},"end":{"line":47,"column":25}},"loc":{"start":{"line":47,"column":25},"end":{"line":50,"column":null}},"line":47},"7":{"name":"updateUser","decl":{"start":{"line":52,"column":10},"end":{"line":52,"column":21}},"loc":{"start":{"line":52,"column":51},"end":{"line":56,"column":null}},"line":52},"8":{"name":"(anonymous_8)","decl":{"start":{"line":59,"column":6},"end":{"line":59,"column":13}},"loc":{"start":{"line":59,"column":13},"end":{"line":61,"column":null}},"line":59},"9":{"name":"(anonymous_9)","decl":{"start":{"line":62,"column":6},"end":{"line":62,"column":24}},"loc":{"start":{"line":62,"column":24},"end":{"line":64,"column":null}},"line":62},"10":{"name":"(anonymous_10)","decl":{"start":{"line":65,"column":6},"end":{"line":65,"column":16}},"loc":{"start":{"line":65,"column":16},"end":{"line":67,"column":null}},"line":65},"11":{"name":"(anonymous_11)","decl":{"start":{"line":68,"column":6},"end":{"line":68,"column":19}},"loc":{"start":{"line":68,"column":19},"end":{"line":70,"column":null}},"line":68},"12":{"name":"(anonymous_12)","decl":{"start":{"line":71,"column":6},"end":{"line":71,"column":18}},"loc":{"start":{"line":71,"column":18},"end":{"line":73,"column":null}},"line":71},"13":{"name":"(anonymous_13)","decl":{"start":{"line":74,"column":6},"end":{"line":74,"column":14}},"loc":{"start":{"line":74,"column":14},"end":{"line":76,"column":null}},"line":74}},"branchMap":{"0":{"loc":{"start":{"line":14,"column":13},"end":{"line":14,"column":null}},"type":"if","locations":[{"start":{"line":14,"column":13},"end":{"line":14,"column":null}},{"start":{},"end":{}}],"line":14},"1":{"loc":{"start":{"line":17,"column":7},"end":{"line":20,"column":null}},"type":"if","locations":[{"start":{"line":17,"column":7},"end":{"line":20,"column":null}},{"start":{},"end":{}}],"line":17},"2":{"loc":{"start":{"line":40,"column":11},"end":{"line":40,"column":null}},"type":"cond-expr","locations":[{"start":{"line":40,"column":32},"end":{"line":40,"column":44}},{"start":{"line":40,"column":44},"end":{"line":40,"column":null}}],"line":40},"3":{"loc":{"start":{"line":53,"column":6},"end":{"line":55,"column":null}},"type":"if","locations":[{"start":{"line":53,"column":6},"end":{"line":55,"column":null}},{"start":{},"end":{}}],"line":53}},"s":{"0":14,"1":14,"2":14,"3":11,"4":4,"5":4,"6":3,"7":0,"8":3,"9":3,"10":1,"11":2,"12":2,"13":1,"14":1,"15":2,"16":9,"17":9,"18":9,"19":9,"20":8,"21":1,"22":1,"23":9,"24":2,"25":2,"26":2,"27":1,"28":10,"29":11,"30":4,"31":4,"32":8,"33":3,"34":14},"f":{"0":14,"1":11,"2":4,"3":4,"4":3,"5":9,"6":2,"7":2,"8":10,"9":11,"10":4,"11":4,"12":8,"13":3},"b":{"0":[0,3],"1":[1,2],"2":[1,0],"3":[1,1]},"meta":{"lastBranch":4,"lastFunction":14,"lastStatement":35,"seen":{"f:4:9:4:27":0,"s:5:5:5:Infinity":0,"s:6:5:6:Infinity":1,"s:7:5:7:Infinity":2,"s:9:7:9:Infinity":3,"f:9:7:9:34":1,"s:10:7:10:Infinity":4,"f:10:7:10:26":2,"s:11:7:11:Infinity":5,"f:11:7:11:29":3,"f:13:16:13:44":4,"b:14:13:14:Infinity:undefined:undefined:undefined:undefined":0,"s:14:13:14:Infinity":6,"s:14:24:14:Infinity":7,"s:16:16:16:Infinity":8,"b:17:7:20:Infinity:undefined:undefined:undefined:undefined":1,"s:17:7:20:Infinity":9,"s:18:3:18:Infinity":10,"s:22:6:29:Infinity":11,"s:23:3:23:Infinity":12,"s:25:3:25:Infinity":13,"s:26:3:26:Infinity":14,"s:28:3:28:Infinity":15,"f:32:16:32:22":5,"s:33:2:33:Infinity":16,"s:34:2:34:Infinity":17,"s:36:6:44:Infinity":18,"s:37:9:37:Infinity":19,"s:38:3:38:Infinity":20,"s:40:3:40:Infinity":21,"b:40:32:40:44:40:44:40:Infinity":2,"s:41:9:41:Infinity":22,"s:43:3:43:Infinity":23,"f:47:10:47:25":6,"s:48:2:48:Infinity":24,"s:49:2:49:Infinity":25,"f:52:10:52:21":7,"b:53:6:55:Infinity:undefined:undefined:undefined:undefined":3,"s:53:6:55:Infinity":26,"s:54:3:54:Infinity":27,"f:59:6:59:13":8,"s:60:10:60:Infinity":28,"f:62:6:62:24":9,"s:63:10:63:Infinity":29,"f:65:6:65:16":10,"s:66:10:66:Infinity":30,"f:68:6:68:19":11,"s:69:10:69:Infinity":31,"f:71:6:71:18":12,"s:72:10:72:Infinity":32,"f:74:6:74:14":13,"s:75:10:75:Infinity":33,"s:84:20:84:Infinity":34}}}
[...]
start":{"line":148,"column":16},"end":{"line":148,"column":null}},"53":{"start":{"line":150,"column":29},"end":{"line":150,"column":null}},"54":{"start":{"line":151,"column":22},"end":{"line":151,"column":null}},"55":{"start":{"line":153,"column":1},"end":{"line":156,"column":null}},"56":{"start":{"line":153,"column":14},"end":{"line":153,"column":17}},"57":{"start":{"line":154,"column":12},"end":{"line":154,"column":null}},"58":{"start":{"line":155,"column":2},"end":{"line":155,"column":null}},"59":{"start":{"line":158,"column":1},"end":{"line":158,"column":null}},"60":{"start":{"line":163,"column":11},"end":{"line":163,"column":null}},"61":{"start":{"line":164,"column":16},"end":{"line":164,"column":null}},"62":{"start":{"line":165,"column":1},"end":{"line":165,"column":null}},"63":{"start":{"line":166,"column":19},"end":{"line":166,"column":null}},"64":{"start":{"line":167,"column":1},"end":{"line":167,"column":null}},"65":{"start":{"line":172,"column":24},"end":{"line":172,"column":null}},"66":{"start":{"line":173,"column":51},"end":{"line":173,"column":null}},"67":{"start":{"line":175,"column":20},"end":{"line":175,"column":null}},"68":{"start":{"line":176,"column":19},"end":{"line":176,"column":null}},"69":{"start":{"line":177,"column":1},"end":{"line":177,"column":null}},"70":{"start":{"line":179,"column":18},"end":{"line":179,"column":null}},"71":{"start":{"line":180,"column":17},"end":{"line":180,"column":null}},"72":{"start":{"line":182,"column":1},"end":{"line":184,"column":null}},"73":{"start":{"line":183,"column":2},"end":{"line":183,"column":null}},"74":{"start":{"line":186,"column":1},"end":{"line":186,"column":null}},"75":{"start":{"line":199,"column":1},"end":{"line":202,"column":null}},"76":{"start":{"line":211,"column":1},"end":{"line":215,"column":null}},"77":{"start":{"line":224,"column":1},"end":{"line":224,"column":null}},"78":{"start":{"line":224,"column":15},"end":{"line":224,"column":null}},"79":{"start":{"line":225,"column":1},"end":{"line":229,"column":null}},"80":{"start":{"line":239,"column":18},"end":{"line":239,"column":null}},"81":{"start":{"line":240,"column":16},"end":{"line":240,"column":null}},"82":{"start":{"line":241,"column":1},"end":{"line":241,"column":null}},"83":{"start":{"line":249,"column":28},"end":{"line":249,"column":null}},"84":{"start":{"line":250,"column":1},"end":{"line":250,"column":null}},"85":{"start":{"line":258,"column":28},"end":{"line":258,"column":null}},"86":{"start":{"line":259,"column":1},"end":{"line":259,"column":null}},"87":{"start":{"line":279,"column":15},"end":{"line":279,"column":null}},"88":{"start":{"line":280,"column":1},"end":{"line":280,"column":null}},"89":{"start":{"line":289,"column":15},"end":{"line":289,"column":null}},"90":{"start":{"line":290,"column":1},"end":{"line":290,"column":null}},"91":{"start":{"line":291,"column":13},"end":{"line":291,"column":null}},"92":{"start":{"line":292,"column":14},"end":{"line":292,"column":null}},"93":{"start":{"line":293,"column":1},"end":{"line":293,"column":null}},"94":{"start":{"line":302,"column":15},"end":{"line":302,"column":null}},"95":{"start":{"line":303,"column":1},"end":{"line":303,"column":null}},"96":{"start":{"line":304,"column":15},"end":{"line":304,"column":null}},"97":{"start":{"line":305,"column":14},"end":{"line":305,"column":null}},"98":{"start":{"line":306,"column":1},"end":{"line":306,"column":null}},"99":{"start":{"line":314,"column":13},"end":{"line":314,"column":null}},"100":{"start":{"line":315,"column":15},"end":{"line":315,"column":null}},"101":{"start":{"line":316,"column":1},"end":{"line":316,"column":null}},"102":{"start":{"line":324,"column":1},"end":{"line":324,"column":null}},"103":{"start":{"line":338,"column":12},"end":{"line":338,"column":null}},"104":{"start":{"line":339,"column":15},"end":{"line":339,"column":null}},"105":{"start":{"line":341,"column":1},"end":{"line":352,"column":null}},"106":{"start":{"line":342,"column":2},"end":{"line":350,"column":null}},"107":{"start":{"line":343,"column":3},"end":{"line":343,"column":null}},"108":{"start":{"line":345,"column":21},"end":{"line":345,"column":null}},"109":{"start":{"line":347,"column":3},"end":{"line":349,"column":null}},"110":{"start":{"line":348,"column":4},"end":{"line":348,"column":null}},"111":{"start":{"line":351,"column":2},"end":{"line":351,"column":null}},"112":{"start":{"line":354,"column":1},"end":{"line":354,"column":null}}},"fnMap":{"0":{"name":"parseISODate","decl":{"start":{"line":18,"column":16},"end":{"line":18,"column":29}},"loc":{"start":{"line":18,"column":55},"end":{"line":21,"column":null}},"line":18},"1":{"name":"formatDateISO","decl":{"start":{"line":24,"column":16},"end":{"line":24,"column":30}},"loc":{"start":{"line":24,"column":50},"end":{"line":29,"column":null}},"line":24},"2":{"name":"formatMonthYear","decl":{"start":{"line":32,"column":16},"end":{"line":32,"column":32}},"loc":{"start":{"line":32,"column":70},"end":{"line":34,"column":null}},"line":32},"3":{"name":"formatWeekRange","decl":{"start":{"line":37,"column":16},"end":{"line":37,"column":32}},"loc":{"start":{"line":37,"column":75},"end":{"line":49,"column":null}},"line":37},"4":{"name":"addDays","decl":{"start":{"line":52,"column":16},"end":{"line":52,"column":24}},"loc":{"start":{"line":52,"column":56},"end":{"line":56,"column":null}},"line":52},"5":{"name":"addWeeks","decl":{"start":{"line":59,"column":16},"end":{"line":59,"column":25}},"loc":{"start":{"line":59,"column":58},"end":{"line":61,"column":null}},"line":59},"6":{"name":"addMonths","decl":{"start":{"line":64,"column":16},"end":{"line":64,"column":26}},"loc":{"start":{"line":64,"column":60},"end":{"line":68,"column":null}},"line":64},"7":{"name":"isSameDay","decl":{"start":{"line":71,"column":16},"end":{"line":71,"column":26}},"loc":{"start":{"line":71,"column":53},"end":{"line":77,"column":null}},"line":71},"8":{"name":"isDateInRange","decl":{"start":{"line":80,"column":16},"end":{"line":80,"column":30}},"loc":{"start":{"line":80,"column":75},"end":{"line":85,"column":null}},"line":80},"9":{"name":"getMonday","decl":{"start":{"line":88,"column":16},"end":{"line":88,"column":26}},"loc":{"start":{"line":88,"column":44},"end":{"line":95,"column":null}},"line":88},"10":{"name":"createCalendarDay","decl":{"start":{"line":98,"column":9},"end":{"line":98,"column":27}},"loc":{"start":{"line":98,"column":74},"end":{"line":113,"column":null}},"line":98},"11":{"name":"getWeekDays","decl":{"start":{"line":116,"column":16},"end":{"line":116,"column":28}},"loc":{"start":{"line":116,"column":55},"end":{"line":127,"column":null}},"line":116},"12":{"name":"getWeekBoundaries","decl":{"start":{"line":130,"column":16},"end":{"line":130,"column":34}},"loc":{"start":{"line":130,"column":57},"end":{"line":134,"column":null}},"line":130},"13":{"name":"getMonthBoundaries","decl":{"start":{"line":137,"column":16},"end":{"line":137,"column":35}},"loc":{"start":{"line":137,"column":75},"end":{"line":141,"column":null}},"line":137},"14":{"name":"getCalendarGridDays","decl":{"start":{"line":144,"column":16},"end":{"line":144,"column":36}},"loc":{"start":{"line":144,"column":80},"end":{"line":159,"column":null}},"line":144},"15":{"name":"getWeekNumber","decl":{"start":{"line":162,"column":16},"end":{"line":162,"column":30}},"loc":{"start":{"line":162,"column":50},"end":{"line":168,"column":null}},"line":162},"16":{"name":"getMonthsForWeek","decl":{"start":{"line":171,"column":16},"end":{"line":171,"column":33}},"loc":{"start":{"line":171,"column":80},"end":{"line":187,"column":null}},"line":171},"17":{"name":"formatDateShort","decl":{"start":{"line":198,"column":16},"end":{"line":198,"column":32}},"loc":{"start":{"line":198,"column":75},"end":{"line":203,"column":null}},"line":198},"18":{"name":"formatDateMedium","decl":{"start":{"line":210,"column":16},"end":{"line":210,"column":33}},"loc":{"start":{"line":210,"column":76},"end":{"line":216,"column":null}},"line":210},"19":{"name":"formatDateLong","decl":{"start":{"line":223,"column":16},"end":{"line":223,"column":31}},"loc":{"start":{"line":223,"column":86},"end":{"line":230,"column":null}},"line":223},"20":{"name":"formatDateRangeShort","decl":{"start":{"line":238,"column":16},"end":{"line":238,"column":37}},"loc":{"start":{"line":238,"column":99},"end":{"line":242,"column":null}},"line":238},"21":{"name":"toApiDateFormat","decl":{"start":{"line":248,"column":16},"end":{"line":248,"column":32}},"loc":{"start":{"line":248,"column":57},"end":{"line":251,"column":null}},"line":248},"22":{"name":"fromApiDateFormat","decl":{"start":{"line":257,"column":16},"end":{"line":257,"column":34}},"loc":{"start":{"line":257,"column":59},"end":{"line":260,"column":null}},"line":257},"23":{"name":"isCurrentlyOngoing","decl":{"start":{"line":278,"column":16},"end":{"line":278,"column":35}},"loc":{"start":{"line":278,"column":80},"end":{"line":281,"column":null}},"line":278},"24":{"name":"getDaysUntilEnd","decl":{"start":{"line":288,"column":16},"end":{"line":288,"column":32}},"loc":{"start":{"line":288,"column":57},"end":{"line":294,"column":null}},"line":288},"25":{"name":"getDaysUntilStart","decl":{"start":{"line":301,"column":16},"end":{"line":301,"column":34}},"loc":{"start":{"line":301,"column":61},"end":{"line":307,"column":null}},"line":301},"26":{"name":"dateValueToApiFormat","decl":{"start":{"line":313,"column":16},"end":{"line":313,"column":37}},"loc":{"start":{"line":313,"column":67},"end":{"line":317,"column":null}},"line":313},"27":{"name":"dateValueToISO","decl":{"start":{"line":323,"column":16},"end":{"line":323,"column":31}},"loc":{"start":{"line":323,"column":61},"end":{"line":325,"column":null}},"line":323},"28":{"name":"calculateBusinessDays","decl":{"start":{"line":333,"column":16},"end":{"line":333,"column":null}},"loc":{"start":{"line":337,"column":10},"end":{"line":355,"column":null}},"line":337}},"branchMap":{"0":{"loc":{"start":{"line":32,"column":44},"end":{"line":32,"column":70}},"type":"default-arg","locations":[{"start":{"line":32,"column":53},"end":{"line":32,"column":70}}],"line":32},"1":{"loc":{"start":{"line":37,"column":49},"end":{"line":37,"column":75}},"type":"default-arg","locations":[{"start":{"line":37,"column":58},"end":{"line":37,"column":75}}],"line":37},"2":{"loc":{"start":{"line":45,"column":1},"end":{"line":47,"column":null}},"type":"if","locations":[{"start":{"line":45,"column":1},"end":{"line":47,"column":null}},{"start":{},"end":{}}],"line":45},"3":{"loc":{"start":{"line":73,"column":2},"end":{"line":75,"column":null}},"type":"binary-expr","locations":[{"start":{"line":73,"column":2},"end":{"line":73,"column":null}},{"start":{"line":74,"column":2},"end":{"line":74,"column":null}},{"start":{"line":75,"column":2},"end":{"line":75,"column":null}}],"line":73},"4":{"loc":{"start":{"line":84,"column":8},"end":{"line":84,"column":null}},"type":"binary-expr","locations":[{"start":{"line":84,"column":8},"end":{"line":84,"column":18}},{"start":{"line":84,"column":18},"end":{"line":84,"column":null}}],"line":84},"5":{"loc":{"start":{"line":92,"column":14},"end":{"line":92,"column":null}},"type":"cond-expr","locations":[{"start":{"line":92,"column":26},"end":{"line":92,"column":31}},{"start":{"line":92,"column":31},"end":{"line":92,"column":null}}],"line":92},"6":{"loc":{"start":{"line":102,"column":21},"end":{"line":102,"column":null}},"type":"cond-expr","locations":[{"start":{"line":102,"column":39},"end":{"line":102,"column":43}},{"start":{"line":102,"column":43},"end":{"line":102,"column":null}}],"line":102},"7":{"loc":{"start":{"line":164,"column":16},"end":{"line":164,"column":null}},"type":"binary-expr","locations":[{"start":{"line":164,"column":16},"end":{"line":164,"column":33}},{"start":{"line":164,"column":33},"end":{"line":164,"column":null}}],"line":164},"8":{"loc":{"start":{"line":182,"column":1},"end":{"line":184,"column":null}},"type":"if","locations":[{"start":{"line":182,"column":1},"end":{"line":184,"column":null}},{"start":{},"end":{}}],"line":182},"9":{"loc":{"start":{"line":182,"column":5},"end":{"line":182,"column":55}},"type":"binary-expr","locations":[{"start":{"line":182,"column":5},"end":{"line":182,"column":32}},{"start":{"line":182,"column":32},"end":{"line":182,"column":55}}],"line":182},"10":{"loc":{"start":{"line":198,"column":49},"end":{"line":198,"column":75}},"type":"default-arg","locations":[{"start":{"line":198,"column":58},"end":{"line":198,"column":75}}],"line":198},"11":{"loc":{"start":{"line":210,"column":50},"end":{"line":210,"column":76}},"type":"default-arg","locations":[{"start":{"line":210,"column":59},"end":{"line":210,"column":76}}],"line":210},"12":{"loc":{"start":{"line":223,"column":60},"end":{"line":223,"column":86}},"type":"default-arg","locations":[{"start":{"line":223,"column":69},"end":{"line":223,"column":86}}],"line":223},"13":{"loc":{"start":{"line":224,"column":1},"end":{"line":224,"column":null}},"type":"if","locations":[{"start":{"line":224,"column":1},"end":{"line":224,"column":null}},{"start":{},"end":{}}],"line":224},"14":{"loc":{"start":{"line":238,"column":73},"end":{"line":238,"column":99}},"type":"default-arg","locations":[{"start":{"line":238,"column":82},"end":{"line":238,"column":99}}],"line":238},"15":{"loc":{"start":{"line":280,"column":8},"end":{"line":280,"column":null}},"type":"binary-expr","locations":[{"start":{"line":280,"column":8},"end":{"line":280,"column":30}},{"start":{"line":280,"column":30},"end":{"line":280,"column":null}}],"line":280},"16":{"loc":{"start":{"line":336,"column":1},"end":{"line":336,"column":null}},"type":"default-arg","locations":[{"start":{"line":336,"column":28},"end":{"line":336,"column":null}}],"line":336},"17":{"loc":{"start":{"line":342,"column":2},"end":{"line":350,"column":null}},"type":"if","locations":[{"start":{"line":342,"column":2},"end":{"line":350,"column":null}},{"start":{"line":344,"column":9},"end":{"line":350,"column":null}}],"line":342},"18":{"loc":{"start":{"line":347,"column":3},"end":{"line":349,"column":null}},"type":"if","locations":[{"start":{"line":347,"column":3},"end":{"line":349,"column":null}},{"start":{},"end":{}}],"line":347},"19":{"loc":{"start":{"line":347,"column":7},"end":{"line":347,"column":43}},"type":"binary-expr","locations":[{"start":{"line":347,"column":7},"end":{"line":347,"column":26}},{"start":{"line":347,"column":26},"end":{"line":347,"column":43}}],"line":347}},"s":{"0":10,"1":10,"2":276,"3":276,"4":276,"5":276,"6":2,"7":2,"8":2,"9":2,"10":2,"11":2,"12":2,"13":2,"14":1,"15":1,"16":269,"17":269,"18":269,"19":4,"20":9,"21":9,"22":9,"23":256,"24":6,"25":6,"26":6,"27":6,"28":21,"29":21,"30":21,"31":21,"32":21,"33":252,"34":252,"35":252,"36":252,"37":6,"38":6,"39":6,"40":6,"41":6,"42":42,"43":42,"44":6,"45":6,"46":6,"47":6,"48":4,"49":4,"50":4,"51":5,"52":5,"53":5,"54":5,"55":5,"56":5,"57":210,"58":210,"59":5,"60":4,"61":4,"62":4,"63":4,"64":4,"65":3,"66":3,"67":3,"68":3,"69":3,"70":3,"71":3,"72":3,"73":2,"74":3,"75":6,"76":2,"77":3,"78":2,"79":1,"80":2,"81":2,"82":2,"83":2,"84":2,"85":2,"86":2,"87":5,"88":5,"89":3,"90":3,"91":3,"92":3,"93":3,"94":3,"95":3,"96":3,"97":3,"98":3,"99":3,"100":3,"101":3,"102":2,"103":8,"104":8,"105":8,"106":41,"107":8,"108":33,"109":33,"110":26,"111":41,"112":8},"f":{"0":10,"1":276,"2":2,"3":2,"4":269,"5":4,"6":9,"7":256,"8":6,"9":21,"10":252,"11":6,"12":6,"13":4,"14":5,"15":4,"16":3,"17":6,"18":2,"19":3,"20":2,"21":2,"22":2,"23":5,"24":3,"25":3,"26":3,"27":2,"28":8},"b":{"0":[2],"1":[2],"2":[1,1],"3":[256,3,2],"4":[6,5],"5":[6,15],"6":[36,216],"7":[4,1],"8":[2,1],"9":[3,1],"10":[6],"11":[2],"12":[3],"13":[2,1],"14":[2],"15":[5,4],"16":[8],"17":[8,33],"18":[26,7],"19":[33,30]},"meta":{"lastBranch":20,"lastFunction":29,"lastStatement":113,"seen":{"f:18:16:18:29":0,"s:19:28:19:Infinity":0,"s:20:1:20:Infinity":1,"f:24:16:24:30":1,"s:25:14:25:Infinity":2,"s:26:15:26:Infinity":3,"s:27:13:27:Infinity":4,"s:28:1:28:Infinity":5,"f:32:16:32:32":2,"b:32:53:32:70":0,"s:33:1:33:Infinity":6,"f:37:16:37:32":3,"b:37:58:37:75":1,"s:38:17:38:Infinity":7,"s:39:20:39:Infinity":8,"s:40:18:40:Infinity":9,"s:41:18:41:Infinity":10,"s:42:16:42:Infinity":11,"s:43:14:43:Infinity":12,"b:45:1:47:Infinity:undefined:undefined:undefined:undefined":2,"s:45:1:47:Infinity":13,"s:46:2:46:Infinity":14,"s:48:1:48:Infinity":15,"f:52:16:52:24":4,"s:53:16:53:Infinity":16,"s:54:1:54:Infinity":17,"s:55:1:55:Infinity":18,"f:59:16:59:25":5,"s:60:1:60:Infinity":19,"f:64:16:64:26":6,"s:65:16:65:Infinity":20,"s:66:1:66:Infinity":21,"s:67:1:67:Infinity":22,"f:71:16:71:26":7,"s:72:1:75:Infinity":23,"b:73:2:73:Infinity:74:2:74:Infinity:75:2:75:Infinity":3,"f:80:16:80:30":8,"s:81:11:81:Infinity":24,"s:82:11:82:Infinity":25,"s:83:11:83:Infinity":26,"s:84:1:84:Infinity":27,"b:84:8:84:18:84:18:84:Infinity":4,"f:88:16:88:26":9,"s:89:11:89:Infinity":28,"s:90:13:90:Infinity":29,"s:92:14:92:Infinity":30,"b:92:26:92:31:92:31:92:Infinity":5,"s:93:1:93:Infinity":31,"s:94:1:94:Infinity":32,"f:98:9:98:27":10,"s:99:15:99:Infinity":33,"s:100:19:100:Infinity":34,"s:102:21:102:Infinity":35,"b:102:39:102:43:102:43:102:Infinity":6,"s:104:1:112:Infinity":36,"f:116:16:116:28":11,"s:117:16:117:Infinity":37,"s:118:22:118:Infinity":38,"s:119:29:119:Infinity":39,"s:121:1:124:Infinity":40,"s:121:14:121:17":41,"s:122:12:122:Infinity":42,"s:123:2:123:Infinity":43,"s:126:1:126:Infinity":44,"f:130:16:130:34":12,"s:131:16:131:Infinity":45,"s:132:16:132:Infinity":46,"s:133:1:133:Infinity":47,"f:137:16:137:35":13,"s:138:15:138:Infinity":48,"s:139:13:139:Infinity":49,"s:140:1:140:Infinity":50,"f:144:16:144:36":14,"s:146:22:146:Infinity":51,"s:148:16:148:Infinity":52,"s:150:29:150:Infinity":53,"s:151:22:151:Infinity":54,"s:153:1:156:Infinity":55,"s:153:14:153:17":56,"s:154:12:154:Infinity":57,"s:155:2:155:Infinity":58,"s:158:1:158:Infinity":59,"f:162:16:162:30":15,"s:163:11:163:Infinity":60,"s:164:16:164:Infinity":61,"b:164:16:164:33:164:33:164:Infinity":7,"s:165:1:165:Infinity":62,"s:166:19:166:Infinity":63,"s:167:1:167:Infinity":64,"f:171:16:171:33":16,"s:172:24:172:Infinity":65,"s:173:51:173:Infinity":66,"s:175:20:175:Infinity":67,"s:176:19:176:Infinity":68,"s:177:1:177:Infinity":69,"s:179:18:179:Infinity":70,"s:180:17:180:Infinity":71,"b:182:1:184:Infinity:undefined:undefined:undefined:undefined":8,"s:182:1:184:Infinity":72,"b:182:5:182:32:182:32:182:55":9,"s:183:2:183:Infinity":73,"s:186:1:186:Infinity":74,"f:198:16:198:32":17,"b:198:58:198:75":10,"s:199:1:202:Infinity":75,"f:210:16:210:33":18,"b:210:59:210:76":11,"s:211:1:215:Infinity":76,"f:223:16:223:31":19,"b:223:69:223:86":12,"b:224:1:224:Infinity:undefined:undefined:undefined:undefined":13,"s:224:1:224:Infinity":77,"s:224:15:224:Infinity":78,"s:225:1:229:Infinity":79,"f:238:16:238:37":20,"b:238:82:238:99":14,"s:239:18:239:Infinity":80,"s:240:16:240:Infinity":81,"s:241:1:241:Infinity":82,"f:248:16:248:32":21,"s:249:28:249:Infinity":83,"s:250:1:250:Infinity":84,"f:257:16:257:34":22,"s:258:28:258:Infinity":85,"s:259:1:259:Infinity":86,"f:278:16:278:35":23,"s:279:15:279:Infinity":87,"s:280:1:280:Infinity":88,"b:280:8:280:30:280:30:280:Infinity":15,"f:288:16:288:32":24,"s:289:15:289:Infinity":89,"s:290:1:290:Infinity":90,"s:291:13:291:Infinity":91,"s:292:14:292:Infinity":92,"s:293:1:293:Infinity":93,"f:301:16:301:34":25,"s:302:15:302:Infinity":94,"s:303:1:303:Infinity":95,"s:304:15:304:Infinity":96,"s:305:14:305:Infinity":97,"s:306:1:306:Infinity":98,"f:313:16:313:37":26,"s:314:13:314:Infinity":99,"s:315:15:315:Infinity":100,"s:316:1:316:Infinity":101,"f:323:16:323:31":27,"s:324:1:324:Infinity":102,"f:333:16:333:Infinity":28,"b:336:28:336:Infinity":16,"s:338:12:338:Infinity":103,"s:339:15:339:Infinity":104,"s:341:1:352:Infinity":105,"b:342:2:350:Infinity:344:9:350:Infinity":17,"s:342:2:350:Infinity":106,"s:343:3:343:Infinity":107,"s:345:21:345:Infinity":108,"b:347:3:349:Infinity:undefined:undefined:undefined:undefined":18,"s:347:3:349:Infinity":109,"b:347:7:347:26:347:26:347:43":19,"s:348:4:348:Infinity":110,"s:351:2:351:Infinity":111,"s:354:1:354:Infinity":112}}}
}
